This is pdfTeX, Version 3.14159265-2.6-1.40.18 (TeX Live 2017/Debian) (preloaded format=pdflatex 2019.2.24)  9 JAN 2020 10:59
entering extended mode
 restricted \write18 enabled.
 %&-line parsing enabled.
**aref1.tex
(./aref1.tex
LaTeX2e <2017-04-15>
Babel <3.18> and hyphenation patterns for 84 language(s) loaded.
(./vakaref.cls
Document Class: vakaref 2009/04/01 v0.08 VAKU author's abstract document class 
(OMB)
(/usr/share/texlive/texmf-dist/tex/latex/base/size10.clo
File: size10.clo 2014/09/29 v1.4h Standard LaTeX file (size option)
)
(/usr/share/texlive/texmf-dist/tex/latex/base/ifthen.sty
Package: ifthen 2014/09/29 v1.1c Standard LaTeX ifthen package (DPC)
)
(/usr/share/texlive/texmf-dist/tex/latex/tools/indentfirst.sty
Package: indentfirst 1995/11/23 v1.03 Indent first paragraph (DPC)
)
(/usr/share/texlive/texmf-dist/tex/latex/tools/verbatim.sty
Package: verbatim 2014/10/28 v1.5q LaTeX2e package for verbatim enhancements
\every@verbatim=\toks14
\verbatim@line=\toks15
\verbatim@in@stream=\read1
)
\c@@supervisors@count=\count79
\c@@opponents@count=\count80
\@specialityfile=\read2
\c@part=\count81
\c@chapter=\count82
\c@section=\count83
\c@subsection=\count84
\c@subsubsection=\count85
\c@paragraph=\count86
\c@subparagraph=\count87
\c@figure=\count88
\c@table=\count89
\abovecaptionskip=\skip41
\belowcaptionskip=\skip42
\bibindent=\dimen102
)
(/usr/share/texlive/texmf-dist/tex/latex/cmap/cmap.sty
Package: cmap 2008/03/06 v1.0h CMap support: searchable PDF
)
(/usr/share/texlive/texmf-dist/tex/latex/base/fontenc.sty
Package: fontenc 2017/04/05 v2.0i Standard LaTeX package

(/usr/share/texlive/texmf-dist/tex/latex/cyrillic/t2aenc.def
File: t2aenc.def 2005/09/27 v1.0i Cyrillic encoding definition file
)
LaTeX Font Info:    Try loading font information for T2A+cmr on input line 105.


(/usr/share/texlive/texmf-dist/tex/latex/cyrillic/t2acmr.fd
File: t2acmr.fd 2001/08/11 v1.0a Computer Modern Cyrillic font definitions
)<<t2a.cmap>>)
(/usr/share/texlive/texmf-dist/tex/latex/base/inputenc.sty
Package: inputenc 2015/03/17 v1.2c Input encoding file
\inpenc@prehook=\toks16
\inpenc@posthook=\toks17

(/usr/share/texlive/texmf-dist/tex/latex/cyrillic/cp1251.def
File: cp1251.def 2014/10/28 v1.0d Input encoding file
))
(/usr/share/texlive/texmf-dist/tex/generic/babel/babel.sty
Package: babel 2018/02/14 3.18 The Babel package

(/usr/share/texlive/texmf-dist/tex/generic/babel/switch.def
File: switch.def 2018/02/14 3.18 Babel switching mechanism
)
(/usr/share/texlive/texmf-dist/tex/generic/babel-english/english.ldf
Language: english 2017/06/06 v3.3r English support from the babel system

(/usr/share/texlive/texmf-dist/tex/generic/babel/babel.def
File: babel.def 2018/02/14 3.18 Babel common definitions
\babel@savecnt=\count90
\U@D=\dimen103

(/usr/share/texlive/texmf-dist/tex/generic/babel/txtbabel.def)
\bbl@dirlevel=\count91
)
\l@canadian = a dialect from \language\l@american 
\l@australian = a dialect from \language\l@british 
\l@newzealand = a dialect from \language\l@british 
)
(/usr/share/texlive/texmf-dist/tex/generic/babel-russian/russianb.ldf
Language: russian 2017/08/12 1.3j Russian support for the Babel system
Package babel Info: Making " an active character on input line 120.
Package babel Info: Default for \cyrdash is provided on input line 157.
)
(/usr/share/texlive/texmf-dist/tex/generic/babel-ukrainian/ukraineb.ldf
Language: ukraineb 2017/08/10 1.4b Ukrainian support for the Babel system
LaTeX Info: Redefining \cyrillictext on input line 84.
LaTeX Info: Redefining \textcyrillic on input line 96.
Package babel Info: Default for \cyrdash is provided on input line 161.
))
(/usr/share/texlive/texmf-dist/tex/latex/amsmath/amsmath.sty
Package: amsmath 2017/09/02 v2.17a AMS math features
\@mathmargin=\skip43

For additional information on amsmath, use the `?' option.
(/usr/share/texlive/texmf-dist/tex/latex/amsmath/amstext.sty
Package: amstext 2000/06/29 v2.01 AMS text

(/usr/share/texlive/texmf-dist/tex/latex/amsmath/amsgen.sty
File: amsgen.sty 1999/11/30 v2.0 generic functions
\@emptytoks=\toks18
\ex@=\dimen104
))
(/usr/share/texlive/texmf-dist/tex/latex/amsmath/amsbsy.sty
Package: amsbsy 1999/11/29 v1.2d Bold Symbols
\pmbraise@=\dimen105
)
(/usr/share/texlive/texmf-dist/tex/latex/amsmath/amsopn.sty
Package: amsopn 2016/03/08 v2.02 operator names
)
\inf@bad=\count92
LaTeX Info: Redefining \frac on input line 213.
\uproot@=\count93
\leftroot@=\count94
LaTeX Info: Redefining \overline on input line 375.
\classnum@=\count95
\DOTSCASE@=\count96
LaTeX Info: Redefining \ldots on input line 472.
LaTeX Info: Redefining \dots on input line 475.
LaTeX Info: Redefining \cdots on input line 596.
\Mathstrutbox@=\box26
\strutbox@=\box27
\big@size=\dimen106
LaTeX Font Info:    Redeclaring font encoding OML on input line 712.
LaTeX Font Info:    Redeclaring font encoding OMS on input line 713.
\macc@depth=\count97
\c@MaxMatrixCols=\count98
\dotsspace@=\muskip10
\c@parentequation=\count99
\dspbrk@lvl=\count100
\tag@help=\toks19
\row@=\count101
\column@=\count102
\maxfields@=\count103
\andhelp@=\toks20
\eqnshift@=\dimen107
\alignsep@=\dimen108
\tagshift@=\dimen109
\tagwidth@=\dimen110
\totwidth@=\dimen111
\lineht@=\dimen112
\@envbody=\toks21
\multlinegap=\skip44
\multlinetaggap=\skip45
\mathdisplay@stack=\toks22
LaTeX Info: Redefining \[ on input line 2817.
LaTeX Info: Redefining \] on input line 2818.
)
(/usr/share/texlive/texmf-dist/tex/latex/amscls/amsthm.sty
Package: amsthm 2017/10/31 v2.20.4
\thm@style=\toks23
\thm@bodyfont=\toks24
\thm@headfont=\toks25
\thm@notefont=\toks26
\thm@headpunct=\toks27
\thm@preskip=\skip46
\thm@postskip=\skip47
\thm@headsep=\skip48
\dth@everypar=\toks28
)
(/usr/share/texlive/texmf-dist/tex/latex/amsfonts/amssymb.sty
Package: amssymb 2013/01/14 v3.01 AMS font symbols

(/usr/share/texlive/texmf-dist/tex/latex/amsfonts/amsfonts.sty
Package: amsfonts 2013/01/14 v3.01 Basic AMSFonts support
\symAMSa=\mathgroup4
\symAMSb=\mathgroup5
LaTeX Font Info:    Overwriting math alphabet `\mathfrak' in version `bold'
(Font)                  U/euf/m/n --> U/euf/b/n on input line 106.
))
(/usr/share/texlive/texmf-dist/tex/latex/tools/enumerate.sty
Package: enumerate 2015/07/23 v3.00 enumerate extensions (DPC)
\@enLab=\toks29
)
(/usr/share/texlive/texmf-dist/tex/latex/enumitem/enumitem.sty
Package: enumitem 2011/09/28 v3.5.2 Customized lists
\enitkv@toks@=\toks30
\labelindent=\skip49
\enit@outerparindent=\dimen113
\enit@toks=\toks31
\enit@inbox=\box28
\enitdp@description=\count104
)
(/usr/share/texlive/texmf-dist/tex/latex/tools/tabularx.sty
Package: tabularx 2016/02/03 v2.11 `tabularx' package (DPC)

(/usr/share/texlive/texmf-dist/tex/latex/tools/array.sty
Package: array 2016/10/06 v2.4d Tabular extension package (FMi)
\col@sep=\dimen114
\extrarowheight=\dimen115
\NC@list=\toks32
\extratabsurround=\skip50
\backup@length=\skip51
)
\TX@col@width=\dimen116
\TX@old@table=\dimen117
\TX@old@col=\dimen118
\TX@target=\dimen119
\TX@delta=\dimen120
\TX@cols=\count105
\TX@ftn=\toks33
)
(/usr/share/texlive/texmf-dist/tex/latex/multirow/multirow.sty
Package: multirow 2016/11/25 v2.2 Span multiple rows of a table
\multirow@colwidth=\skip52
\multirow@cntb=\count106
\multirow@dima=\skip53
\bigstrutjot=\dimen121
)
(/usr/share/texlive/texmf-dist/tex/latex/graphics/graphicx.sty
Package: graphicx 2017/06/01 v1.1a Enhanced LaTeX Graphics (DPC,SPQR)

(/usr/share/texlive/texmf-dist/tex/latex/graphics/keyval.sty
Package: keyval 2014/10/28 v1.15 key=value parser (DPC)
\KV@toks@=\toks34
)
(/usr/share/texlive/texmf-dist/tex/latex/graphics/graphics.sty
Package: graphics 2017/06/25 v1.2c Standard LaTeX Graphics (DPC,SPQR)

(/usr/share/texlive/texmf-dist/tex/latex/graphics/trig.sty
Package: trig 2016/01/03 v1.10 sin cos tan (DPC)
)
(/usr/share/texlive/texmf-dist/tex/latex/graphics-cfg/graphics.cfg
File: graphics.cfg 2016/06/04 v1.11 sample graphics configuration
)
Package graphics Info: Driver file: pdftex.def on input line 99.

(/usr/share/texlive/texmf-dist/tex/latex/graphics-def/pdftex.def
File: pdftex.def 2018/01/08 v1.0l Graphics/color driver for pdftex
))
\Gin@req@height=\dimen122
\Gin@req@width=\dimen123
)
(/usr/share/texlive/texmf-dist/tex/latex/caption/caption.sty
Package: caption 2016/02/21 v3.3-144 Customizing captions (AR)

(/usr/share/texlive/texmf-dist/tex/latex/caption/caption3.sty
Package: caption3 2016/05/22 v1.7-166 caption3 kernel (AR)
Package caption3 Info: TeX engine: e-TeX on input line 67.
\captionmargin=\dimen124
\captionmargin@=\dimen125
\captionwidth=\dimen126
\caption@tempdima=\dimen127
\caption@indent=\dimen128
\caption@parindent=\dimen129
\caption@hangindent=\dimen130
Package caption Info: Unknown document class (or package),
(caption)             standard defaults will be used.
)

Package caption Warning: Unsupported document class (or package) detected,
(caption)                usage of the caption package is not recommended.
See the caption package documentation for explanation.

Package caption Info: \@makecaption = \long macro:#1#2->\vskip \abovecaptionski
p \sbox \@tempboxa {#1\CaptionSeparator #2}\ifdim \wd \@tempboxa >\hsize #1\Cap
tionSeparator #2\par \else \global \@minipagefalse \hb@xt@ \hsize {\hfil \box \
@tempboxa \hfil }\fi \vskip \belowcaptionskip .
\c@ContinuedFloat=\count107
) (/usr/share/texlive/texmf-dist/tex/latex/caption/subcaption.sty
Package: subcaption 2016/05/22 v1.1-161 Sub-captions (AR)
\c@subfigure=\count108
\c@subtable=\count109
)
(/usr/share/texlive/texmf-dist/tex/latex/wrapfig/wrapfig.sty
\wrapoverhang=\dimen131
\WF@size=\dimen132
\c@WF@wrappedlines=\count110
\WF@box=\box29
\WF@everypar=\toks35
Package: wrapfig 2003/01/31  v 3.6
)
(/usr/share/texlive/texmf-dist/tex/latex/threeparttable/threeparttable.sty
Package: threeparttable 2003/06/13  v 3.0
\@tempboxb=\box30
)
(/usr/share/texlive/texmf-dist/tex/latex/tablefootnote/tablefootnote.sty
Package: tablefootnote 2014/01/26 v1.1c Table foot notes (HMM)

(/usr/share/texlive/texmf-dist/tex/generic/oberdiek/ltxcmds.sty
Package: ltxcmds 2016/05/16 v1.23 LaTeX kernel commands for general use (HO)
)
(/usr/share/texlive/texmf-dist/tex/latex/oberdiek/letltxmacro.sty
Package: letltxmacro 2016/05/16 v1.5 Let assignment for LaTeX macros (HO)
)
(/usr/share/texlive/texmf-dist/tex/latex/xifthen/xifthen.sty
Package: xifthen 2015/11/05 v1.4.0 Extended ifthen features

(/usr/share/texlive/texmf-dist/tex/latex/tools/calc.sty
Package: calc 2014/10/28 v4.3 Infix arithmetic (KKT,FJ)
\calc@Acount=\count111
\calc@Bcount=\count112
\calc@Adimen=\dimen133
\calc@Bdimen=\dimen134
\calc@Askip=\skip54
\calc@Bskip=\skip55
LaTeX Info: Redefining \setlength on input line 80.
LaTeX Info: Redefining \addtolength on input line 81.
\calc@Ccount=\count113
\calc@Cskip=\skip56
)
(/usr/share/texlive/texmf-dist/tex/latex/ifmtarg/ifmtarg.sty
Package: ifmtarg 2009/09/02 v1.2a check for an empty argument
))
(/usr/share/texlive/texmf-dist/tex/latex/etoolbox/etoolbox.sty
Package: etoolbox 2018/02/11 v2.5e e-TeX tools for LaTeX (JAW)
\etb@tempcnta=\count114
))
(/usr/share/texlive/texmf-dist/tex/latex/cite/cite.sty
LaTeX Info: Redefining \cite on input line 302.
LaTeX Info: Redefining \nocite on input line 332.
Package: cite 2015/02/27  v 5.5
)
(/usr/share/texlive/texmf-dist/tex/generic/ulem/ulem.sty
\UL@box=\box31
\UL@hyphenbox=\box32
\UL@skip=\skip57
\UL@hook=\toks36
\UL@height=\dimen135
\UL@pe=\count115
\UL@pixel=\dimen136
\ULC@box=\box33
Package: ulem 2012/05/18
\ULdepth=\dimen137
)
(/usr/share/texlive/texmf-dist/tex/latex/xcolor/xcolor.sty
Package: xcolor 2016/05/11 v2.12 LaTeX color extensions (UK)

(/usr/share/texlive/texmf-dist/tex/latex/graphics-cfg/color.cfg
File: color.cfg 2016/01/02 v1.6 sample color configuration
)
Package xcolor Info: Driver file: pdftex.def on input line 225.
Package xcolor Info: Model `cmy' substituted by `cmy0' on input line 1348.
Package xcolor Info: Model `hsb' substituted by `rgb' on input line 1352.
Package xcolor Info: Model `RGB' extended on input line 1364.
Package xcolor Info: Model `HTML' substituted by `rgb' on input line 1366.
Package xcolor Info: Model `Hsb' substituted by `hsb' on input line 1367.
Package xcolor Info: Model `tHsb' substituted by `hsb' on input line 1368.
Package xcolor Info: Model `HSB' substituted by `hsb' on input line 1369.
Package xcolor Info: Model `Gray' substituted by `gray' on input line 1370.
Package xcolor Info: Model `wave' substituted by `hsb' on input line 1371.
)
(/usr/share/texlive/texmf-dist/tex/latex/import/import.sty
Package: import 2009/03/23  v 5.1
)
(/usr/share/texlive/texmf-dist/tex/latex/geometry/geometry.sty
Package: geometry 2010/09/12 v5.6 Page Geometry

(/usr/share/texlive/texmf-dist/tex/generic/oberdiek/ifpdf.sty
Package: ifpdf 2017/03/15 v3.2 Provides the ifpdf switch
)
(/usr/share/texlive/texmf-dist/tex/generic/oberdiek/ifvtex.sty
Package: ifvtex 2016/05/16 v1.6 Detect VTeX and its facilities (HO)
Package ifvtex Info: VTeX not detected.
)
(/usr/share/texlive/texmf-dist/tex/generic/ifxetex/ifxetex.sty
Package: ifxetex 2010/09/12 v0.6 Provides ifxetex conditional
)
\Gm@cnth=\count116
\Gm@cntv=\count117
\c@Gm@tempcnt=\count118
\Gm@bindingoffset=\dimen138
\Gm@wd@mp=\dimen139
\Gm@odd@mp=\dimen140
\Gm@even@mp=\dimen141
\Gm@layoutwidth=\dimen142
\Gm@layoutheight=\dimen143
\Gm@layouthoffset=\dimen144
\Gm@layoutvoffset=\dimen145
\Gm@dimlist=\toks37
) (./aref1.aux)
\openout1 = `aref1.aux'.

LaTeX Font Info:    Checking defaults for OML/cmm/m/it on input line 30.
LaTeX Font Info:    ... okay on input line 30.
LaTeX Font Info:    Checking defaults for T1/cmr/m/n on input line 30.
LaTeX Font Info:    ... okay on input line 30.
LaTeX Font Info:    Checking defaults for OT1/cmr/m/n on input line 30.
LaTeX Font Info:    ... okay on input line 30.
LaTeX Font Info:    Checking defaults for OMS/cmsy/m/n on input line 30.
LaTeX Font Info:    ... okay on input line 30.
LaTeX Font Info:    Checking defaults for OMX/cmex/m/n on input line 30.
LaTeX Font Info:    ... okay on input line 30.
LaTeX Font Info:    Checking defaults for U/cmr/m/n on input line 30.
LaTeX Font Info:    ... okay on input line 30.
LaTeX Font Info:    Checking defaults for T2A/cmr/m/n on input line 30.
LaTeX Font Info:    ... okay on input line 30.

(./casus.sty
Package: casus 2004/02/20 v0.01 Casus (OMB)
)
(/usr/share/texlive/texmf-dist/tex/context/base/mkii/supp-pdf.mkii
[Loading MPS to PDF converter (version 2006.09.02).]
\scratchcounter=\count119
\scratchdimen=\dimen146
\scratchbox=\box34
\nofMPsegments=\count120
\nofMParguments=\count121
\everyMPshowfont=\toks38
\MPscratchCnt=\count122
\MPscratchDim=\dimen147
\MPnumerator=\count123
\makeMPintoPDFobject=\count124
\everyMPtoPDFconversion=\toks39
) (/usr/share/texlive/texmf-dist/tex/latex/oberdiek/epstopdf-base.sty
Package: epstopdf-base 2016/05/15 v2.6 Base part for package epstopdf

(/usr/share/texlive/texmf-dist/tex/generic/oberdiek/infwarerr.sty
Package: infwarerr 2016/05/16 v1.4 Providing info/warning/error messages (HO)
)
(/usr/share/texlive/texmf-dist/tex/latex/oberdiek/grfext.sty
Package: grfext 2016/05/16 v1.2 Manage graphics extensions (HO)

(/usr/share/texlive/texmf-dist/tex/generic/oberdiek/kvdefinekeys.sty
Package: kvdefinekeys 2016/05/16 v1.4 Define keys (HO)
))
(/usr/share/texlive/texmf-dist/tex/latex/oberdiek/kvoptions.sty
Package: kvoptions 2016/05/16 v3.12 Key value format for package options (HO)

(/usr/share/texlive/texmf-dist/tex/generic/oberdiek/kvsetkeys.sty
Package: kvsetkeys 2016/05/16 v1.17 Key value parser (HO)

(/usr/share/texlive/texmf-dist/tex/generic/oberdiek/etexcmds.sty
Package: etexcmds 2016/05/16 v1.6 Avoid name clashes with e-TeX commands (HO)

(/usr/share/texlive/texmf-dist/tex/generic/oberdiek/ifluatex.sty
Package: ifluatex 2016/05/16 v1.4 Provides the ifluatex switch (HO)
Package ifluatex Info: LuaTeX not detected.
)
Package etexcmds Info: Could not find \expanded.
(etexcmds)             That can mean that you are not using pdfTeX 1.50 or
(etexcmds)             that some package has redefined \expanded.
(etexcmds)             In the latter case, load this package earlier.
)))
(/usr/share/texlive/texmf-dist/tex/generic/oberdiek/pdftexcmds.sty
Package: pdftexcmds 2018/01/21 v0.26 Utility functions of pdfTeX for LuaTeX (HO
)
Package pdftexcmds Info: LuaTeX not detected.
Package pdftexcmds Info: \pdf@primitive is available.
Package pdftexcmds Info: \pdf@ifprimitive is available.
Package pdftexcmds Info: \pdfdraftmode found.
)
Package epstopdf-base Info: Redefining graphics rule for `.eps' on input line 4
38.
Package grfext Info: Graphics extension search list:
(grfext)             [.pdf,.png,.jpg,.mps,.jpeg,.jbig2,.jb2,.PDF,.PNG,.JPG,.JPE
G,.JBIG2,.JB2,.eps]
(grfext)             \AppendGraphicsExtensions on input line 456.

(/usr/share/texlive/texmf-dist/tex/latex/latexconfig/epstopdf-sys.cfg
File: epstopdf-sys.cfg 2010/07/13 v1.3 Configuration of (r)epstopdf for TeX Liv
e
))
Package caption Info: Begin \AtBeginDocument code.
Package caption Info: threeparttable package is loaded.
Package caption Info: wrapfig package is loaded.
Package caption Info: End \AtBeginDocument code.

*geometry* driver: auto-detecting
*geometry* detected driver: pdftex
*geometry* verbose mode - [ preamble ] result:
* driver: pdftex
* paper: <default>
* layout: <same size as paper>
* layoutoffset:(h,v)=(0.0pt,0.0pt)
* modes: twoside 
* h-part:(L,W,R)=(56.9055pt, 335.74254pt, 28.45274pt)
* v-part:(T,H,B)=(56.9055pt, 483.69687pt, 56.9055pt)
* \paperwidth=421.10078pt
* \paperheight=597.50787pt
* \textwidth=335.74254pt
* \textheight=483.69687pt
* \oddsidemargin=-15.36449pt
* \evensidemargin=-43.81725pt
* \topmargin=-52.36449pt
* \headheight=12.0pt
* \headsep=25.0pt
* \topskip=10.0pt
* \footskip=30.0pt
* \marginparwidth=47.0pt
* \marginparsep=11.0pt
* \columnsep=10.0pt
* \skip\footins=9.0pt plus 4.0pt minus 2.0pt
* \hoffset=0.0pt
* \voffset=0.0pt
* \mag=1000
* \@twocolumnfalse
* \@twosidetrue
* \@mparswitchtrue
* \@reversemarginfalse
* (1in=72.27pt=25.4mm, 1cm=28.453pt)

[1

{/var/lib/texmf/fonts/map/pdftex/updmap/pdftex.map}]
Underfull \hbox (badness 10000) detected at line 72
[][][]
 []

[2] (./thesis_intro.tex
Overfull \hbox (8.34785pt too wide) in paragraph at lines 11--24
\T2A/cmr/m/n/10 в не-су-чу ма-три-цю. Клю-чо-ви-ми про-бле-ма-ми, да-ле-ки-ми д
о сво-го розв'язання,
 []


Overfull \hbox (0.15132pt too wide) in paragraph at lines 25--44
[]\T2A/cmr/m/n/10 Побудована в ди-сер-та-цiй-нiй ро-бо-тi ана-лi-ти-чна те-о-рi
я ефе-ктив-но-го ква-
 []

[1]
Overfull \hbox (2.5915pt too wide) in paragraph at lines 60--64
\T2A/cmr/m/n/10 ко-ва-них дис-пер-сних си-стем ча-сти-нок з мор-фо-ло-гi-№ю тве
р-де ядро-проникна
 []


Overfull \hbox (6.12209pt too wide) in paragraph at lines 86--89
[]\T2A/cmr/m/n/10 Виконати кри-ти-чний ана-лiз ди-фе-рен-цi-аль-ноЁ схе-ми об-ч
и-сле-н-ня ефе-
 []


Overfull \hbox (3.6227pt too wide) in paragraph at lines 107--113
\T2A/cmr/m/n/10 вну-трi-шньо за-мкне-ну ста-ти-сти-чну мо-дель ква-зi-ста-ти-чн
о-го еле-ктри-
 []

[2]
Overfull \hbox (5.56667pt too wide) in paragraph at lines 119--126
\T2A/cmr/m/n/10 по-лi-мер-них ком-по-зи-тних еле-ктро-лi-тiв та ана-лi-зу ро-лi
 рi-зних фiзико-
 []

<<ot1.cmap>><<oml.cmap>><<oms.cmap>><<omx.cmap>>
LaTeX Font Info:    Try loading font information for U+msa on input line 149.

(/usr/share/texlive/texmf-dist/tex/latex/amsfonts/umsa.fd
File: umsa.fd 2013/01/14 v3.01 AMS symbols A
)
LaTeX Font Info:    Try loading font information for U+msb on input line 149.

(/usr/share/texlive/texmf-dist/tex/latex/amsfonts/umsb.fd
File: umsb.fd 2013/01/14 v3.01 AMS symbols B
) [3]
Overfull \hbox (7.70836pt too wide) in paragraph at lines 175--176
[]\T2A/cmr/m/n/10 5-th Internati-onal Symposi-um: Methods and Appli-cati-ons of
 Computati-
 []

) [4]
Package epstopdf Info: Source file: <images/Fig1_Microstructure_new5.eps>
(epstopdf)                    date: 2019-10-20 15:43:47
(epstopdf)                    size: 71751 bytes
(epstopdf)             Output file: <images/Fig1_Microstructure_new5-eps-conver
ted-to.pdf>
(epstopdf)                    date: 2019-12-21 10:38:02
(epstopdf)                    size: 27740 bytes
(epstopdf)             Command: <repstopdf --outfile=images/Fig1_Microstructure
_new5-eps-converted-to.pdf images/Fig1_Microstructure_new5.eps>
(epstopdf)             \includegraphics on input line 106.
Package epstopdf Info: Output file is already uptodate.


pdfTeX warning: /usr/bin/pdflatex (file ./images/Fig1_Microstructure_new5-eps-c
onverted-to.pdf): PDF inclusion: found PDF version <1.7>, but at most version <
1.5> allowed
<images/Fig1_Microstructure_new5-eps-converted-to.pdf, id=32, 439.6425pt x 443.
6575pt>
File: images/Fig1_Microstructure_new5-eps-converted-to.pdf Graphic file (type p
df)
<use images/Fig1_Microstructure_new5-eps-converted-to.pdf>
Package pdftex.def Info: images/Fig1_Microstructure_new5-eps-converted-to.pdf  
used on input line 106.
(pdftex.def)             Requested size: 143.05653pt x 144.36682pt.

Underfull \vbox (badness 10000) has occurred while \output is active []

 [5]
[6 <./images/Fig1_Microstructure_new5-eps-converted-to.pdf>]
Overfull \hbox (11.75705pt too wide) in paragraph at lines 205--209
\T2A/cmr/m/n/10 Користуючись цi-№ю рiв-нi-стю та ви-ра-зом (4[]), вiд-ки-да-ю-ч
и не-фi-зи-чнi розв'язки
 []

[7] [8] [9] [10]
Package epstopdf Info: Source file: <images/SiekierskiShell_107.eps>
(epstopdf)                    date: 2017-09-17 17:21:16
(epstopdf)                    size: 350241 bytes
(epstopdf)             Output file: <images/SiekierskiShell_107-eps-converted-t
o.pdf>
(epstopdf)                    date: 2019-12-21 10:38:04
(epstopdf)                    size: 17610 bytes
(epstopdf)             Command: <repstopdf --outfile=images/SiekierskiShell_107
-eps-converted-to.pdf images/SiekierskiShell_107.eps>
(epstopdf)             \includegraphics on input line 485.
Package epstopdf Info: Output file is already uptodate.


pdfTeX warning: /usr/bin/pdflatex (file ./images/SiekierskiShell_107-eps-conver
ted-to.pdf): PDF inclusion: found PDF version <1.7>, but at most version <1.5> 
allowed
<images/SiekierskiShell_107-eps-converted-to.pdf, id=76, 240.9pt x 194.7275pt>
File: images/SiekierskiShell_107-eps-converted-to.pdf Graphic file (type pdf)
<use images/SiekierskiShell_107-eps-converted-to.pdf>
Package pdftex.def Info: images/SiekierskiShell_107-eps-converted-to.pdf  used 
on input line 485.
(pdftex.def)             Requested size: 147.72752pt x 119.41647pt.
Package epstopdf Info: Source file: <images/SiekierskiShell_103-9.eps>
(epstopdf)                    date: 2017-09-17 17:20:24
(epstopdf)                    size: 373207 bytes
(epstopdf)             Output file: <images/SiekierskiShell_103-9-eps-converted
-to.pdf>
(epstopdf)                    date: 2019-12-21 10:38:04
(epstopdf)                    size: 18667 bytes
(epstopdf)             Command: <repstopdf --outfile=images/SiekierskiShell_103
-9-eps-converted-to.pdf images/SiekierskiShell_103-9.eps>
(epstopdf)             \includegraphics on input line 490.
Package epstopdf Info: Output file is already uptodate.


pdfTeX warning: /usr/bin/pdflatex (file ./images/SiekierskiShell_103-9-eps-conv
erted-to.pdf): PDF inclusion: found PDF version <1.7>, but at most version <1.5
> allowed
<images/SiekierskiShell_103-9-eps-converted-to.pdf, id=77, 240.9pt x 194.7275pt
>
File: images/SiekierskiShell_103-9-eps-converted-to.pdf Graphic file (type pdf)

<use images/SiekierskiShell_103-9-eps-converted-to.pdf>
Package pdftex.def Info: images/SiekierskiShell_103-9-eps-converted-to.pdf  use
d on input line 490.
(pdftex.def)             Requested size: 147.72752pt x 119.41647pt.
[11 <./images/SiekierskiShell_107-eps-converted-to.pdf> <./images/SiekierskiShe
ll_103-9-eps-converted-to.pdf>]
Package epstopdf Info: Source file: <images/Fig5_SiekierskiConductivity107a_4.e
ps>
(epstopdf)                    date: 2019-09-15 15:34:17
(epstopdf)                    size: 386110 bytes
(epstopdf)             Output file: <images/Fig5_SiekierskiConductivity107a_4-e
ps-converted-to.pdf>
(epstopdf)                    date: 2019-12-21 10:38:05
(epstopdf)                    size: 33050 bytes
(epstopdf)             Command: <repstopdf --outfile=images/Fig5_SiekierskiCond
uctivity107a_4-eps-converted-to.pdf images/Fig5_SiekierskiConductivity107a_4.ep
s>
(epstopdf)             \includegraphics on input line 543.
Package epstopdf Info: Output file is already uptodate.


pdfTeX warning: /usr/bin/pdflatex (file ./images/Fig5_SiekierskiConductivity107
a_4-eps-converted-to.pdf): PDF inclusion: found PDF version <1.7>, but at most 
version <1.5> allowed
<images/Fig5_SiekierskiConductivity107a_4-eps-converted-to.pdf, id=136, 240.9pt
 x 185.69376pt>
File: images/Fig5_SiekierskiConductivity107a_4-eps-converted-to.pdf Graphic fil
e (type pdf)
<use images/Fig5_SiekierskiConductivity107a_4-eps-converted-to.pdf>
Package pdftex.def Info: images/Fig5_SiekierskiConductivity107a_4-eps-converted
-to.pdf  used on input line 543.
(pdftex.def)             Requested size: 151.08311pt x 116.46349pt.
Package epstopdf Info: Source file: <images/SiekierskiShellConductivity_105-9.e
ps>
(epstopdf)                    date: 2017-10-04 08:21:15
(epstopdf)                    size: 334845 bytes
(epstopdf)             Output file: <images/SiekierskiShellConductivity_105-9-e
ps-converted-to.pdf>
(epstopdf)                    date: 2019-12-21 10:38:06
(epstopdf)                    size: 12426 bytes
(epstopdf)             Command: <repstopdf --outfile=images/SiekierskiShellCond
uctivity_105-9-eps-converted-to.pdf images/SiekierskiShellConductivity_105-9.ep
s>
(epstopdf)             \includegraphics on input line 548.
Package epstopdf Info: Output file is already uptodate.


pdfTeX warning: /usr/bin/pdflatex (file ./images/SiekierskiShellConductivity_10
5-9-eps-converted-to.pdf): PDF inclusion: found PDF version <1.7>, but at most 
version <1.5> allowed
<images/SiekierskiShellConductivity_105-9-eps-converted-to.pdf, id=137, 240.9pt
 x 190.7125pt>
File: images/SiekierskiShellConductivity_105-9-eps-converted-to.pdf Graphic fil
e (type pdf)
<use images/SiekierskiShellConductivity_105-9-eps-converted-to.pdf>
Package pdftex.def Info: images/SiekierskiShellConductivity_105-9-eps-converted
-to.pdf  used on input line 548.
(pdftex.def)             Requested size: 151.08311pt x 119.61115pt.
Package epstopdf Info: Source file: <images/Fig6_Siekierski_HomogeneousLayers_t
_fixed.eps>
(epstopdf)                    date: 2019-09-19 15:37:18
(epstopdf)                    size: 363108 bytes
(epstopdf)             Output file: <images/Fig6_Siekierski_HomogeneousLayers_t
_fixed-eps-converted-to.pdf>
(epstopdf)                    date: 2019-12-21 10:38:07
(epstopdf)                    size: 22766 bytes
(epstopdf)             Command: <repstopdf --outfile=images/Fig6_Siekierski_Hom
ogeneousLayers_t_fixed-eps-converted-to.pdf images/Fig6_Siekierski_HomogeneousL
ayers_t_fixed.eps>
(epstopdf)             \includegraphics on input line 558.
Package epstopdf Info: Output file is already uptodate.


pdfTeX warning: /usr/bin/pdflatex (file ./images/Fig6_Siekierski_HomogeneousLay
ers_t_fixed-eps-converted-to.pdf): PDF inclusion: found PDF version <1.7>, but 
at most version <1.5> allowed
<images/Fig6_Siekierski_HomogeneousLayers_t_fixed-eps-converted-to.pdf, id=138,
 240.9pt x 188.705pt>
File: images/Fig6_Siekierski_HomogeneousLayers_t_fixed-eps-converted-to.pdf Gra
phic file (type pdf)
<use images/Fig6_Siekierski_HomogeneousLayers_t_fixed-eps-converted-to.pdf>
Package pdftex.def Info: images/Fig6_Siekierski_HomogeneousLayers_t_fixed-eps-c
onverted-to.pdf  used on input line 558.
(pdftex.def)             Requested size: 134.29495pt x 105.19896pt.
Package epstopdf Info: Source file: <images/Fig7_Siekierski_HomogeneousLayers_d
_fixed.eps>
(epstopdf)                    date: 2019-09-19 15:37:21
(epstopdf)                    size: 350840 bytes
(epstopdf)             Output file: <images/Fig7_Siekierski_HomogeneousLayers_d
_fixed-eps-converted-to.pdf>
(epstopdf)                    date: 2019-12-21 10:38:08
(epstopdf)                    size: 20690 bytes
(epstopdf)             Command: <repstopdf --outfile=images/Fig7_Siekierski_Hom
ogeneousLayers_d_fixed-eps-converted-to.pdf images/Fig7_Siekierski_HomogeneousL
ayers_d_fixed.eps>
(epstopdf)             \includegraphics on input line 563.
Package epstopdf Info: Output file is already uptodate.


pdfTeX warning: /usr/bin/pdflatex (file ./images/Fig7_Siekierski_HomogeneousLay
ers_d_fixed-eps-converted-to.pdf): PDF inclusion: found PDF version <1.7>, but 
at most version <1.5> allowed
<images/Fig7_Siekierski_HomogeneousLayers_d_fixed-eps-converted-to.pdf, id=139,
 240.9pt x 188.705pt>
File: images/Fig7_Siekierski_HomogeneousLayers_d_fixed-eps-converted-to.pdf Gra
phic file (type pdf)
<use images/Fig7_Siekierski_HomogeneousLayers_d_fixed-eps-converted-to.pdf>
Package pdftex.def Info: images/Fig7_Siekierski_HomogeneousLayers_d_fixed-eps-c
onverted-to.pdf  used on input line 563.
(pdftex.def)             Requested size: 134.29495pt x 105.19896pt.
[12 <./images/Fig5_SiekierskiConductivity107a_4-eps-converted-to.pdf> <./images
/SiekierskiShellConductivity_105-9-eps-converted-to.pdf>]
Package epstopdf Info: Source file: <images/Siekierski_t_fixed.eps>
(epstopdf)                    date: 2017-10-13 13:44:11
(epstopdf)                    size: 282573 bytes
(epstopdf)             Output file: <images/Siekierski_t_fixed-eps-converted-to
.pdf>
(epstopdf)                    date: 2019-12-21 10:38:10
(epstopdf)                    size: 12408 bytes
(epstopdf)             Command: <repstopdf --outfile=images/Siekierski_t_fixed-
eps-converted-to.pdf images/Siekierski_t_fixed.eps>
(epstopdf)             \includegraphics on input line 640.
Package epstopdf Info: Output file is already uptodate.


pdfTeX warning: /usr/bin/pdflatex (file ./images/Siekierski_t_fixed-eps-convert
ed-to.pdf): PDF inclusion: found PDF version <1.7>, but at most version <1.5> a
llowed
<images/Siekierski_t_fixed-eps-converted-to.pdf, id=181, 240.9pt x 211.79124pt>

File: images/Siekierski_t_fixed-eps-converted-to.pdf Graphic file (type pdf)
<use images/Siekierski_t_fixed-eps-converted-to.pdf>
Package pdftex.def Info: images/Siekierski_t_fixed-eps-converted-to.pdf  used o
n input line 640.
(pdftex.def)             Requested size: 120.86751pt x 106.26053pt.
Package epstopdf Info: Source file: <images/Siekierski_d_fixed.eps>
(epstopdf)                    date: 2017-10-13 13:44:10
(epstopdf)                    size: 284028 bytes
(epstopdf)             Output file: <images/Siekierski_d_fixed-eps-converted-to
.pdf>
(epstopdf)                    date: 2019-12-21 10:38:11
(epstopdf)                    size: 12336 bytes
(epstopdf)             Command: <repstopdf --outfile=images/Siekierski_d_fixed-
eps-converted-to.pdf images/Siekierski_d_fixed.eps>
(epstopdf)             \includegraphics on input line 645.
Package epstopdf Info: Output file is already uptodate.


pdfTeX warning: /usr/bin/pdflatex (file ./images/Siekierski_d_fixed-eps-convert
ed-to.pdf): PDF inclusion: found PDF version <1.7>, but at most version <1.5> a
llowed
<images/Siekierski_d_fixed-eps-converted-to.pdf, id=182, 240.9pt x 206.7725pt>
File: images/Siekierski_d_fixed-eps-converted-to.pdf Graphic file (type pdf)
<use images/Siekierski_d_fixed-eps-converted-to.pdf>
Package pdftex.def Info: images/Siekierski_d_fixed-eps-converted-to.pdf  used o
n input line 645.
(pdftex.def)             Requested size: 120.86751pt x 103.74251pt.
Package epstopdf Info: Source file: <images/Fig12_Liang_LiI-Al2O3-Processing.ep
s>
(epstopdf)                    date: 2017-10-12 09:24:47
(epstopdf)                    size: 236751 bytes
(epstopdf)             Output file: <images/Fig12_Liang_LiI-Al2O3-Processing-ep
s-converted-to.pdf>
(epstopdf)                    date: 2019-12-21 10:38:11
(epstopdf)                    size: 12730 bytes
(epstopdf)             Command: <repstopdf --outfile=images/Fig12_Liang_LiI-Al2
O3-Processing-eps-converted-to.pdf images/Fig12_Liang_LiI-Al2O3-Processing.eps>

(epstopdf)             \includegraphics on input line 725.
Package epstopdf Info: Output file is already uptodate.


pdfTeX warning: /usr/bin/pdflatex (file ./images/Fig12_Liang_LiI-Al2O3-Processi
ng-eps-converted-to.pdf): PDF inclusion: found PDF version <1.7>, but at most v
ersion <1.5> allowed
<images/Fig12_Liang_LiI-Al2O3-Processing-eps-converted-to.pdf, id=183, 240.9pt 
x 235.88126pt>
File: images/Fig12_Liang_LiI-Al2O3-Processing-eps-converted-to.pdf Graphic file
 (type pdf)
<use images/Fig12_Liang_LiI-Al2O3-Processing-eps-converted-to.pdf>
Package pdftex.def Info: images/Fig12_Liang_LiI-Al2O3-Processing-eps-converted-
to.pdf  used on input line 725.
(pdftex.def)             Requested size: 151.08311pt x 147.94011pt.
Package epstopdf Info: Source file: <images/Fig13_Liang_LiI-Al2O3-Profile.eps>
(epstopdf)                    date: 2017-10-16 09:49:42
(epstopdf)                    size: 242617 bytes
(epstopdf)             Output file: <images/Fig13_Liang_LiI-Al2O3-Profile-eps-c
onverted-to.pdf>
(epstopdf)                    date: 2019-12-21 10:38:12
(epstopdf)                    size: 16244 bytes
(epstopdf)             Command: <repstopdf --outfile=images/Fig13_Liang_LiI-Al2
O3-Profile-eps-converted-to.pdf images/Fig13_Liang_LiI-Al2O3-Profile.eps>
(epstopdf)             \includegraphics on input line 730.
Package epstopdf Info: Output file is already uptodate.


pdfTeX warning: /usr/bin/pdflatex (file ./images/Fig13_Liang_LiI-Al2O3-Profile-
eps-converted-to.pdf): PDF inclusion: found PDF version <1.7>, but at most vers
ion <1.5> allowed
<images/Fig13_Liang_LiI-Al2O3-Profile-eps-converted-to.pdf, id=184, 240.9pt x 1
68.63pt>
File: images/Fig13_Liang_LiI-Al2O3-Profile-eps-converted-to.pdf Graphic file (t
ype pdf)
<use images/Fig13_Liang_LiI-Al2O3-Profile-eps-converted-to.pdf>
Package pdftex.def Info: images/Fig13_Liang_LiI-Al2O3-Profile-eps-converted-to.
pdf  used on input line 730.
(pdftex.def)             Requested size: 117.51193pt x 82.25632pt.
Package epstopdf Info: Source file: <images/Liang-matrix-a06.eps>
(epstopdf)                    date: 2020-01-07 20:03:49
(epstopdf)                    size: 295118 bytes
(epstopdf)             Output file: <images/Liang-matrix-a06-eps-converted-to.p
df>
(epstopdf)                    date: 2020-01-07 20:04:49
(epstopdf)                    size: 7887 bytes
(epstopdf)             Command: <repstopdf --outfile=images/Liang-matrix-a06-ep
s-converted-to.pdf images/Liang-matrix-a06.eps>
(epstopdf)             \includegraphics on input line 731.
Package epstopdf Info: Output file is already uptodate.


pdfTeX warning: /usr/bin/pdflatex (file ./images/Liang-matrix-a06-eps-converted
-to.pdf): PDF inclusion: found PDF version <1.7>, but at most version <1.5> all
owed
<images/Liang-matrix-a06-eps-converted-to.pdf, id=185, 215.80624pt x 137.51375p
t>
File: images/Liang-matrix-a06-eps-converted-to.pdf Graphic file (type pdf)
<use images/Liang-matrix-a06-eps-converted-to.pdf>
Package pdftex.def Info: images/Liang-matrix-a06-eps-converted-to.pdf  used on 
input line 731.
(pdftex.def)             Requested size: 117.51193pt x 74.8795pt.
[13 <./images/Fig6_Siekierski_HomogeneousLayers_t_fixed-eps-converted-to.pdf> <
./images/Fig7_Siekierski_HomogeneousLayers_d_fixed-eps-converted-to.pdf>]
[14 <./images/Siekierski_t_fixed-eps-converted-to.pdf> <./images/Siekierski_d_f
ixed-eps-converted-to.pdf>]
Package epstopdf Info: Source file: <images/Fig2_PEO-NaI_NASICON_PEO-NaI-theta-
Al2O3.eps>
(epstopdf)                    date: 2018-07-02 09:51:04
(epstopdf)                    size: 354286 bytes
(epstopdf)             Output file: <images/Fig2_PEO-NaI_NASICON_PEO-NaI-theta-
Al2O3-eps-converted-to.pdf>
(epstopdf)                    date: 2019-12-21 10:38:14
(epstopdf)                    size: 32104 bytes
(epstopdf)             Command: <repstopdf --outfile=images/Fig2_PEO-NaI_NASICO
N_PEO-NaI-theta-Al2O3-eps-converted-to.pdf images/Fig2_PEO-NaI_NASICON_PEO-NaI-
theta-Al2O3.eps>
(epstopdf)             \includegraphics on input line 834.
Package epstopdf Info: Output file is already uptodate.


pdfTeX warning: /usr/bin/pdflatex (file ./images/Fig2_PEO-NaI_NASICON_PEO-NaI-t
heta-Al2O3-eps-converted-to.pdf): PDF inclusion: found PDF version <1.7>, but a
t most version <1.5> allowed
<images/Fig2_PEO-NaI_NASICON_PEO-NaI-theta-Al2O3-eps-converted-to.pdf, id=270, 
240.9pt x 234.8775pt>
File: images/Fig2_PEO-NaI_NASICON_PEO-NaI-theta-Al2O3-eps-converted-to.pdf Grap
hic file (type pdf)
<use images/Fig2_PEO-NaI_NASICON_PEO-NaI-theta-Al2O3-eps-converted-to.pdf>
Package pdftex.def Info: images/Fig2_PEO-NaI_NASICON_PEO-NaI-theta-Al2O3-eps-co
nverted-to.pdf  used on input line 834.
(pdftex.def)             Requested size: 151.08311pt x 147.31058pt.
Package epstopdf Info: Source file: <images/Fig2_PEO-NaI_NASICON_Profile.eps>
(epstopdf)                    date: 2018-07-02 09:51:04
(epstopdf)                    size: 381190 bytes
(epstopdf)             Output file: <images/Fig2_PEO-NaI_NASICON_Profile-eps-co
nverted-to.pdf>
(epstopdf)                    date: 2019-12-21 10:38:15
(epstopdf)                    size: 19620 bytes
(epstopdf)             Command: <repstopdf --outfile=images/Fig2_PEO-NaI_NASICO
N_Profile-eps-converted-to.pdf images/Fig2_PEO-NaI_NASICON_Profile.eps>
(epstopdf)             \includegraphics on input line 839.
Package epstopdf Info: Output file is already uptodate.


pdfTeX warning: /usr/bin/pdflatex (file ./images/Fig2_PEO-NaI_NASICON_Profile-e
ps-converted-to.pdf): PDF inclusion: found PDF version <1.7>, but at most versi
on <1.5> allowed
<images/Fig2_PEO-NaI_NASICON_Profile-eps-converted-to.pdf, id=271, 240.9pt x 13
9.52126pt>
File: images/Fig2_PEO-NaI_NASICON_Profile-eps-converted-to.pdf Graphic file (ty
pe pdf)
<use images/Fig2_PEO-NaI_NASICON_Profile-eps-converted-to.pdf>
Package pdftex.def Info: images/Fig2_PEO-NaI_NASICON_Profile-eps-converted-to.p
df  used on input line 839.
(pdftex.def)             Requested size: 127.5838pt x 73.89055pt.
Package epstopdf Info: Source file: <images/Fig2_PEO-NaI-theta-Al2O3_Profile.ep
s>
(epstopdf)                    date: 2018-07-02 09:51:04
(epstopdf)                    size: 327637 bytes
(epstopdf)             Output file: <images/Fig2_PEO-NaI-theta-Al2O3_Profile-ep
s-converted-to.pdf>
(epstopdf)                    date: 2019-12-21 10:38:15
(epstopdf)                    size: 21184 bytes
(epstopdf)             Command: <repstopdf --outfile=images/Fig2_PEO-NaI-theta-
Al2O3_Profile-eps-converted-to.pdf images/Fig2_PEO-NaI-theta-Al2O3_Profile.eps>

(epstopdf)             \includegraphics on input line 840.
Package epstopdf Info: Output file is already uptodate.


pdfTeX warning: /usr/bin/pdflatex (file ./images/Fig2_PEO-NaI-theta-Al2O3_Profi
le-eps-converted-to.pdf): PDF inclusion: found PDF version <1.7>, but at most v
ersion <1.5> allowed
<images/Fig2_PEO-NaI-theta-Al2O3_Profile-eps-converted-to.pdf, id=272, 240.9pt 
x 136.51pt>
File: images/Fig2_PEO-NaI-theta-Al2O3_Profile-eps-converted-to.pdf Graphic file
 (type pdf)
<use images/Fig2_PEO-NaI-theta-Al2O3_Profile-eps-converted-to.pdf>
Package pdftex.def Info: images/Fig2_PEO-NaI-theta-Al2O3_Profile-eps-converted-
to.pdf  used on input line 840.
(pdftex.def)             Requested size: 127.5838pt x 72.29579pt.
Package epstopdf Info: Source file: <images/Fig3_PEO-PAAM_LiClO4_OMPEO-PAAM_LiC
lO4.eps>
(epstopdf)                    date: 2018-07-23 13:48:54
(epstopdf)                    size: 318561 bytes
(epstopdf)             Output file: <images/Fig3_PEO-PAAM_LiClO4_OMPEO-PAAM_LiC
lO4-eps-converted-to.pdf>
(epstopdf)                    date: 2019-12-21 10:38:16
(epstopdf)                    size: 26949 bytes
(epstopdf)             Command: <repstopdf --outfile=images/Fig3_PEO-PAAM_LiClO
4_OMPEO-PAAM_LiClO4-eps-converted-to.pdf images/Fig3_PEO-PAAM_LiClO4_OMPEO-PAAM
_LiClO4.eps>
(epstopdf)             \includegraphics on input line 858.
Package epstopdf Info: Output file is already uptodate.


pdfTeX warning: /usr/bin/pdflatex (file ./images/Fig3_PEO-PAAM_LiClO4_OMPEO-PAA
M_LiClO4-eps-converted-to.pdf): PDF inclusion: found PDF version <1.7>, but at 
most version <1.5> allowed
<images/Fig3_PEO-PAAM_LiClO4_OMPEO-PAAM_LiClO4-eps-converted-to.pdf, id=273, 24
0.9pt x 234.8775pt>
File: images/Fig3_PEO-PAAM_LiClO4_OMPEO-PAAM_LiClO4-eps-converted-to.pdf Graphi
c file (type pdf)
<use images/Fig3_PEO-PAAM_LiClO4_OMPEO-PAAM_LiClO4-eps-converted-to.pdf>
Package pdftex.def Info: images/Fig3_PEO-PAAM_LiClO4_OMPEO-PAAM_LiClO4-eps-conv
erted-to.pdf  used on input line 858.
(pdftex.def)             Requested size: 151.08311pt x 147.31058pt.
Package epstopdf Info: Source file: <images/Fig3_PEO-PAAM_LiClO4_Profile.eps>
(epstopdf)                    date: 2018-07-23 13:48:54
(epstopdf)                    size: 299257 bytes
(epstopdf)             Output file: <images/Fig3_PEO-PAAM_LiClO4_Profile-eps-co
nverted-to.pdf>
(epstopdf)                    date: 2019-12-21 10:38:17
(epstopdf)                    size: 17251 bytes
(epstopdf)             Command: <repstopdf --outfile=images/Fig3_PEO-PAAM_LiClO
4_Profile-eps-converted-to.pdf images/Fig3_PEO-PAAM_LiClO4_Profile.eps>
(epstopdf)             \includegraphics on input line 863.
Package epstopdf Info: Output file is already uptodate.


pdfTeX warning: /usr/bin/pdflatex (file ./images/Fig3_PEO-PAAM_LiClO4_Profile-e
ps-converted-to.pdf): PDF inclusion: found PDF version <1.7>, but at most versi
on <1.5> allowed
<images/Fig3_PEO-PAAM_LiClO4_Profile-eps-converted-to.pdf, id=274, 240.9pt x 13
1.49126pt>
File: images/Fig3_PEO-PAAM_LiClO4_Profile-eps-converted-to.pdf Graphic file (ty
pe pdf)
<use images/Fig3_PEO-PAAM_LiClO4_Profile-eps-converted-to.pdf>
Package pdftex.def Info: images/Fig3_PEO-PAAM_LiClO4_Profile-eps-converted-to.p
df  used on input line 863.
(pdftex.def)             Requested size: 127.5838pt x 69.63785pt.
Package epstopdf Info: Source file: <images/Fig3_OMPEO-PAAM_LiClO4_Profile.eps>

(epstopdf)                    date: 2018-07-23 13:48:54
(epstopdf)                    size: 317789 bytes
(epstopdf)             Output file: <images/Fig3_OMPEO-PAAM_LiClO4_Profile-eps-
converted-to.pdf>
(epstopdf)                    date: 2019-12-21 10:38:18
(epstopdf)                    size: 19475 bytes
(epstopdf)             Command: <repstopdf --outfile=images/Fig3_OMPEO-PAAM_LiC
lO4_Profile-eps-converted-to.pdf images/Fig3_OMPEO-PAAM_LiClO4_Profile.eps>
(epstopdf)             \includegraphics on input line 864.
Package epstopdf Info: Output file is already uptodate.


pdfTeX warning: /usr/bin/pdflatex (file ./images/Fig3_OMPEO-PAAM_LiClO4_Profile
-eps-converted-to.pdf): PDF inclusion: found PDF version <1.7>, but at most ver
sion <1.5> allowed
<images/Fig3_OMPEO-PAAM_LiClO4_Profile-eps-converted-to.pdf, id=275, 240.9pt x 
131.49126pt>
File: images/Fig3_OMPEO-PAAM_LiClO4_Profile-eps-converted-to.pdf Graphic file (
type pdf)
<use images/Fig3_OMPEO-PAAM_LiClO4_Profile-eps-converted-to.pdf>
Package pdftex.def Info: images/Fig3_OMPEO-PAAM_LiClO4_Profile-eps-converted-to
.pdf  used on input line 864.
(pdftex.def)             Requested size: 127.5838pt x 69.63785pt.
[15 <./images/Fig12_Liang_LiI-Al2O3-Processing-eps-converted-to.pdf> <./images/
Fig13_Liang_LiI-Al2O3-Profile-eps-converted-to.pdf> <./images/Liang-matrix-a06-
eps-converted-to.pdf>]
Package epstopdf Info: Source file: <images/Fig6_Isochores.eps>
(epstopdf)                    date: 2018-10-28 15:26:00
(epstopdf)                    size: 307357 bytes
(epstopdf)             Output file: <images/Fig6_Isochores-eps-converted-to.pdf
>
(epstopdf)                    date: 2019-12-21 10:38:20
(epstopdf)                    size: 13479 bytes
(epstopdf)             Command: <repstopdf --outfile=images/Fig6_Isochores-eps-
converted-to.pdf images/Fig6_Isochores.eps>
(epstopdf)             \includegraphics on input line 911.
Package epstopdf Info: Output file is already uptodate.


pdfTeX warning: /usr/bin/pdflatex (file ./images/Fig6_Isochores-eps-converted-t
o.pdf): PDF inclusion: found PDF version <1.7>, but at most version <1.5> allow
ed
<images/Fig6_Isochores-eps-converted-to.pdf, id=340, 240.9pt x 211.79124pt>
File: images/Fig6_Isochores-eps-converted-to.pdf Graphic file (type pdf)
<use images/Fig6_Isochores-eps-converted-to.pdf>
Package pdftex.def Info: images/Fig6_Isochores-eps-converted-to.pdf  used on in
put line 911.
(pdftex.def)             Requested size: 151.08311pt x 132.83133pt.
Package epstopdf Info: Source file: <images/Fig8_TemperatureDependence_1.eps>
(epstopdf)                    date: 2019-01-16 16:15:32
(epstopdf)                    size: 309573 bytes
(epstopdf)             Output file: <images/Fig8_TemperatureDependence_1-eps-co
nverted-to.pdf>
(epstopdf)                    date: 2019-12-21 10:38:21
(epstopdf)                    size: 15754 bytes
(epstopdf)             Command: <repstopdf --outfile=images/Fig8_TemperatureDep
endence_1-eps-converted-to.pdf images/Fig8_TemperatureDependence_1.eps>
(epstopdf)             \includegraphics on input line 917.
Package epstopdf Info: Output file is already uptodate.


pdfTeX warning: /usr/bin/pdflatex (file ./images/Fig8_TemperatureDependence_1-e
ps-converted-to.pdf): PDF inclusion: found PDF version <1.7>, but at most versi
on <1.5> allowed
<images/Fig8_TemperatureDependence_1-eps-converted-to.pdf, id=341, 240.9pt x 19
6.735pt>
File: images/Fig8_TemperatureDependence_1-eps-converted-to.pdf Graphic file (ty
pe pdf)
<use images/Fig8_TemperatureDependence_1-eps-converted-to.pdf>
Package pdftex.def Info: images/Fig8_TemperatureDependence_1-eps-converted-to.p
df  used on input line 917.
(pdftex.def)             Requested size: 161.15498pt x 131.61362pt.
[16 <./images/Fig2_PEO-NaI_NASICON_PEO-NaI-theta-Al2O3-eps-converted-to.pdf> <.
/images/Fig2_PEO-NaI_NASICON_Profile-eps-converted-to.pdf> <./images/Fig2_PEO-N
aI-theta-Al2O3_Profile-eps-converted-to.pdf>]
Package epstopdf Info: Source file: <images/KCl-Ag-rho.eps>
(epstopdf)                    date: 2018-08-25 11:08:12
(epstopdf)                    size: 75055 bytes
(epstopdf)             Output file: <images/KCl-Ag-rho-eps-converted-to.pdf>
(epstopdf)                    date: 2019-12-21 10:38:27
(epstopdf)                    size: 24197 bytes
(epstopdf)             Command: <repstopdf --outfile=images/KCl-Ag-rho-eps-conv
erted-to.pdf images/KCl-Ag-rho.eps>
(epstopdf)             \includegraphics on input line 1057.
Package epstopdf Info: Output file is already uptodate.


pdfTeX warning: /usr/bin/pdflatex (file ./images/KCl-Ag-rho-eps-converted-to.pd
f): PDF inclusion: found PDF version <1.7>, but at most version <1.5> allowed
<images/KCl-Ag-rho-eps-converted-to.pdf, id=430, 252.945pt x 217.81375pt>
File: images/KCl-Ag-rho-eps-converted-to.pdf Graphic file (type pdf)
<use images/KCl-Ag-rho-eps-converted-to.pdf>
Package pdftex.def Info: images/KCl-Ag-rho-eps-converted-to.pdf  used on input 
line 1057.
(pdftex.def)             Requested size: 137.65567pt x 118.53828pt.
Package epstopdf Info: Source file: <images/KCl-Ag-eps.eps>
(epstopdf)                    date: 2018-08-25 12:29:10
(epstopdf)                    size: 72469 bytes
(epstopdf)             Output file: <images/KCl-Ag-eps-eps-converted-to.pdf>
(epstopdf)                    date: 2019-12-21 10:38:26
(epstopdf)                    size: 20530 bytes
(epstopdf)             Command: <repstopdf --outfile=images/KCl-Ag-eps-eps-conv
erted-to.pdf images/KCl-Ag-eps.eps>
(epstopdf)             \includegraphics on input line 1062.
Package epstopdf Info: Output file is already uptodate.


pdfTeX warning: /usr/bin/pdflatex (file ./images/KCl-Ag-eps-eps-converted-to.pd
f): PDF inclusion: found PDF version <1.7>, but at most version <1.5> allowed
<images/KCl-Ag-eps-eps-converted-to.pdf, id=431, 252.945pt x 258.9675pt>
File: images/KCl-Ag-eps-eps-converted-to.pdf Graphic file (type pdf)
<use images/KCl-Ag-eps-eps-converted-to.pdf>
Package pdftex.def Info: images/KCl-Ag-eps-eps-converted-to.pdf  used on input 
line 1062.
(pdftex.def)             Requested size: 117.51193pt x 120.31194pt.
[17 <./images/Fig3_PEO-PAAM_LiClO4_OMPEO-PAAM_LiClO4-eps-converted-to.pdf> <./i
mages/Fig3_PEO-PAAM_LiClO4_Profile-eps-converted-to.pdf> <./images/Fig3_OMPEO-P
AAM_LiClO4_Profile-eps-converted-to.pdf>]
Underfull \vbox (badness 10000) has occurred while \output is active []

 [18 <./images/Fig6_Isochores-eps-converted-to.pdf> <./images/Fig8_TemperatureD
ependence_1-eps-converted-to.pdf>] [19 <./images/KCl-Ag-rho-eps-converted-to.pd
f> <./images/KCl-Ag-eps-eps-converted-to.pdf>] (./thesis_conclusion.tex
Overfull \hbox (5.56667pt too wide) in paragraph at lines 13--14
[]\T2A/cmr/m/n/10 Диференцiальна схе-ма ана-лi-зу ефе-ктив-них ква-зi-ста-ти-чн
их еле-ктри-
 []

) (./thesis_publications.tex [20] [21]
Overfull \hbox (6.52396pt too wide) in paragraph at lines 42--43
[]\T2A/cmr/m/n/10 Semenov A. K. A model for conducti-vi-ty and permi-tti-vi-ty 
of heterogeneous
 []


Overfull \hbox (9.13997pt too wide) in paragraph at lines 44--45
\T2A/cmr/m/n/10 М.Я. Су-шко // 27-th Internati-onal Conference: Di-sperse Syste
ms, abstract
 []


Overfull \hbox (12.69797pt too wide) in paragraph at lines 48--49
\T2A/cmr/m/n/10 elec-trolytes / M.Ya. Sushko, A.K. Semenov // 8-th Internati-on
al Conference
 []


Overfull \hbox (1.78397pt too wide) in paragraph at lines 54--55
\T2A/cmr/m/n/10 para-meters of random parti-culate systems / A.K. Semenov, M.Ya
. Sushko
 []

) (./aref1.bbl
Underfull \hbox (badness 4279) in paragraph at lines 19--24
[]\T2A/cmr/m/n/10 Сушко, М.Я. О ди-эле-ктри-че-ской про-ни-ца-е-мо-сти су-спен-
зий /
 []

[22] [23]
Underfull \hbox (badness 1990) in paragraph at lines 167--172
[]\OT1/cmr/m/n/10 Nan, C.-W. Physics of in-ho-mo-ge-neous in-or-ganic ma-te-ri-
als / C.-
 []

) (./abstract_ua.tex
Overfull \hbox (22.36812pt too wide) in paragraph at lines 9--10
[]\T2A/cmr/m/n/10 Дисертацiя на здо-бу-т-тя на-у-ко-во-го сту-пе-ня кан-ди-да-т
а фiзико-математичних
 []

[24]) (./abstract_ru.tex
Overfull \hbox (31.53255pt too wide) in paragraph at lines 10--11
[]\T2A/cmr/m/n/10 Диссертация на со-ис-ка-ние уче-ной сте-пе-ни кан-ди-да-та фи
зико-математических
 []


Overfull \hbox (5.1509pt too wide) in paragraph at lines 20--21
\T2A/cmr/m/n/10 ная си-сте-ма, пер-ко-ля-ция, ком-по-зит-ные элек-тро-ли-ты, на
-но-ком-по-зи-ты, диф-
 []


Underfull \vbox (badness 1210) has occurred while \output is active []

 [25])
(./abstract_en.tex [26]) [27] [28] (./aref1.aux) ) 
Here is how much of TeX's memory you used:
 7443 strings out of 492982
 109756 string characters out of 6134896
 194382 words of memory out of 5000000
 10737 multiletter control sequences out of 15000+600000
 15055 words of font info for 46 fonts, out of 8000000 for 9000
 1141 hyphenation exceptions out of 8191
 41i,19n,40p,7118b,522s stack positions out of 5000i,500n,10000p,200000b,80000s
{/usr/share/texmf/fonts/enc/d
vips/cm-super/cm-super-t2a.enc}</usr/share/texlive/texmf-dist/fonts/type1/publi
c/amsfonts/cm/cmbx10.pfb></usr/share/texlive/texmf-dist/fonts/type1/public/amsf
onts/cm/cmex10.pfb></usr/share/texlive/texmf-dist/fonts/type1/public/amsfonts/c
m/cmmi10.pfb></usr/share/texlive/texmf-dist/fonts/type1/public/amsfonts/cm/cmmi
5.pfb></usr/share/texlive/texmf-dist/fonts/type1/public/amsfonts/cm/cmmi7.pfb><
/usr/share/texlive/texmf-dist/fonts/type1/public/amsfonts/cm/cmmi9.pfb></usr/sh
are/texlive/texmf-dist/fonts/type1/public/amsfonts/cm/cmr10.pfb></usr/share/tex
live/texmf-dist/fonts/type1/public/amsfonts/cm/cmr5.pfb></usr/share/texlive/tex
mf-dist/fonts/type1/public/amsfonts/cm/cmr6.pfb></usr/share/texlive/texmf-dist/
fonts/type1/public/amsfonts/cm/cmr7.pfb></usr/share/texlive/texmf-dist/fonts/ty
pe1/public/amsfonts/cm/cmr9.pfb></usr/share/texlive/texmf-dist/fonts/type1/publ
ic/amsfonts/cm/cmsy10.pfb></usr/share/texlive/texmf-dist/fonts/type1/public/ams
fonts/cm/cmsy7.pfb></usr/share/texlive/texmf-dist/fonts/type1/public/amsfonts/c
m/cmsy9.pfb></usr/share/texlive/texmf-dist/fonts/type1/public/amsfonts/symbols/
msam10.pfb></usr/share/texlive/texmf-dist/fonts/type1/public/amsfonts/symbols/m
sam7.pfb></usr/share/texmf/fonts/type1/public/cm-super/sfbi1000.pfb></usr/share
/texmf/fonts/type1/public/cm-super/sfbx1000.pfb></usr/share/texmf/fonts/type1/p
ublic/cm-super/sfcc1000.pfb></usr/share/texmf/fonts/type1/public/cm-super/sfrm0
900.pfb></usr/share/texmf/fonts/type1/public/cm-super/sfrm1000.pfb></usr/share/
texmf/fonts/type1/public/cm-super/sfti1000.pfb>
Output written on aref1.pdf (30 pages, 694335 bytes).
PDF statistics:
 708 PDF objects out of 1000 (max. 8388607)
 483 compressed objects within 5 object streams
 0 named destinations out of 1000 (max. 500000)
 131 words of extra memory for PDF output out of 10000 (max. 10000000)

