This is pdfTeX, Version 3.14159265-2.6-1.40.18 (TeX Live 2017/Debian) (preloaded format=pdflatex 2019.2.24)  9 JAN 2020 11:05
entering extended mode
 restricted \write18 enabled.
 %&-line parsing enabled.
**thesis4_6.tex
(./thesis4_6.tex
LaTeX2e <2017-04-15>
Babel <3.18> and hyphenation patterns for 84 language(s) loaded.
(./vakthesis.cls
Document Class: vakthesis 2018/04/22 v0.09 VAKU thesis document class (OMB)
(/usr/share/texlive/texmf-dist/tex/latex/extsizes/size14.clo
File: size14.clo 1999/11/11 v1.4a NON-Standard LaTeX file (size option)
)
(/usr/share/texlive/texmf-dist/tex/latex/base/ifthen.sty
Package: ifthen 2014/09/29 v1.1c Standard LaTeX ifthen package (DPC)
)
(/usr/share/texlive/texmf-dist/tex/latex/tools/indentfirst.sty
Package: indentfirst 1995/11/23 v1.03 Indent first paragraph (DPC)
)
(/usr/share/texlive/texmf-dist/tex/latex/tools/verbatim.sty
Package: verbatim 2014/10/28 v1.5q LaTeX2e package for verbatim enhancements
\every@verbatim=\toks14
\verbatim@line=\toks15
\verbatim@in@stream=\read1
)
(/usr/share/texlive/texmf-dist/tex/latex/ms/ragged2e.sty
Package: ragged2e 2009/05/21 v2.1 ragged2e Package (MS)

(/usr/share/texlive/texmf-dist/tex/latex/ms/everysel.sty
Package: everysel 2011/10/28 v1.2 EverySelectfont Package (MS)
)
\CenteringLeftskip=\skip41
\RaggedLeftLeftskip=\skip42
\RaggedRightLeftskip=\skip43
\CenteringRightskip=\skip44
\RaggedLeftRightskip=\skip45
\RaggedRightRightskip=\skip46
\CenteringParfillskip=\skip47
\RaggedLeftParfillskip=\skip48
\RaggedRightParfillskip=\skip49
\JustifyingParfillskip=\skip50
\CenteringParindent=\skip51
\RaggedLeftParindent=\skip52
\RaggedRightParindent=\skip53
\JustifyingParindent=\skip54
)
\c@@supervisors@count=\count79
\@specialityfile=\read2
\c@chapter=\count80
\c@section=\count81
\c@subsection=\count82
\c@subsubsection=\count83
\c@paragraph=\count84
\c@subparagraph=\count85
\c@figure=\count86
\c@table=\count87
\abovecaptionskip=\skip55
\belowcaptionskip=\skip56
\bibindent=\dimen102
\c@needbibset=\count88
\c@currbibset=\count89
)
(/usr/share/texlive/texmf-dist/tex/latex/cmap/cmap.sty
Package: cmap 2008/03/06 v1.0h CMap support: searchable PDF
)
(/usr/share/texlive/texmf-dist/tex/generic/babel/babel.sty
Package: babel 2018/02/14 3.18 The Babel package

(/usr/share/texlive/texmf-dist/tex/generic/babel/switch.def
File: switch.def 2018/02/14 3.18 Babel switching mechanism
)
(/usr/share/texlive/texmf-dist/tex/generic/babel-english/english.ldf
Language: english 2017/06/06 v3.3r English support from the babel system

(/usr/share/texlive/texmf-dist/tex/generic/babel/babel.def
File: babel.def 2018/02/14 3.18 Babel common definitions
\babel@savecnt=\count90
\U@D=\dimen103

(/usr/share/texlive/texmf-dist/tex/generic/babel/txtbabel.def)
\bbl@dirlevel=\count91
)
\l@canadian = a dialect from \language\l@american 
\l@australian = a dialect from \language\l@british 
\l@newzealand = a dialect from \language\l@british 
)
(/usr/share/texlive/texmf-dist/tex/generic/babel-russian/russianb.ldf
Language: russian 2017/08/12 1.3j Russian support for the Babel system


Package babel Warning: No Cyrillic font encoding has been loaded so far.
(babel)                A font encoding should be declared before babel.
(babel)                Default `T2A' encoding will be loaded  on input line 74.


(/usr/share/texlive/texmf-dist/tex/latex/cyrillic/t2aenc.def
File: t2aenc.def 2005/09/27 v1.0i Cyrillic encoding definition file
)
Package babel Info: Making " an active character on input line 120.
Package babel Info: Default for \cyrdash is provided on input line 157.
)
(/usr/share/texlive/texmf-dist/tex/generic/babel-ukrainian/ukraineb.ldf
Language: ukraineb 2017/08/10 1.4b Ukrainian support for the Babel system
LaTeX Info: Redefining \cyrillictext on input line 84.
LaTeX Info: Redefining \textcyrillic on input line 96.


Package babel Warning: No input encoding specified for Ukrainian language on in
put line 117.

Package babel Info: Default for \cyrdash is provided on input line 161.
)) (/usr/share/texlive/texmf-dist/tex/latex/base/fontenc.sty
Package: fontenc 2017/04/05 v2.0i Standard LaTeX package

(/usr/share/texlive/texmf-dist/tex/latex/cyrillic/t2aenc.def
File: t2aenc.def 2005/09/27 v1.0i Cyrillic encoding definition file
LaTeX Font Info:    Redeclaring font encoding T2A on input line 42.
)
LaTeX Font Info:    Try loading font information for T2A+cmr on input line 105.


(/usr/share/texlive/texmf-dist/tex/latex/cyrillic/t2acmr.fd
File: t2acmr.fd 2001/08/11 v1.0a Computer Modern Cyrillic font definitions
)<<t2a.cmap>>)
(/usr/share/texlive/texmf-dist/tex/latex/base/inputenc.sty
Package: inputenc 2015/03/17 v1.2c Input encoding file
\inpenc@prehook=\toks16
\inpenc@posthook=\toks17

(/usr/share/texlive/texmf-dist/tex/latex/cyrillic/cp1251.def
File: cp1251.def 2014/10/28 v1.0d Input encoding file
))
(/usr/share/texlive/texmf-dist/tex/latex/amsmath/amsmath.sty
Package: amsmath 2017/09/02 v2.17a AMS math features
\@mathmargin=\skip57

For additional information on amsmath, use the `?' option.
(/usr/share/texlive/texmf-dist/tex/latex/amsmath/amstext.sty
Package: amstext 2000/06/29 v2.01 AMS text

(/usr/share/texlive/texmf-dist/tex/latex/amsmath/amsgen.sty
File: amsgen.sty 1999/11/30 v2.0 generic functions
\@emptytoks=\toks18
\ex@=\dimen104
))
(/usr/share/texlive/texmf-dist/tex/latex/amsmath/amsbsy.sty
Package: amsbsy 1999/11/29 v1.2d Bold Symbols
\pmbraise@=\dimen105
)
(/usr/share/texlive/texmf-dist/tex/latex/amsmath/amsopn.sty
Package: amsopn 2016/03/08 v2.02 operator names
)
\inf@bad=\count92
LaTeX Info: Redefining \frac on input line 213.
\uproot@=\count93
\leftroot@=\count94
LaTeX Info: Redefining \overline on input line 375.
\classnum@=\count95
\DOTSCASE@=\count96
LaTeX Info: Redefining \ldots on input line 472.
LaTeX Info: Redefining \dots on input line 475.
LaTeX Info: Redefining \cdots on input line 596.
\Mathstrutbox@=\box26
\strutbox@=\box27
\big@size=\dimen106
LaTeX Font Info:    Redeclaring font encoding OML on input line 712.
LaTeX Font Info:    Redeclaring font encoding OMS on input line 713.
\macc@depth=\count97
\c@MaxMatrixCols=\count98
\dotsspace@=\muskip10
\c@parentequation=\count99
\dspbrk@lvl=\count100
\tag@help=\toks19
\row@=\count101
\column@=\count102
\maxfields@=\count103
\andhelp@=\toks20
\eqnshift@=\dimen107
\alignsep@=\dimen108
\tagshift@=\dimen109
\tagwidth@=\dimen110
\totwidth@=\dimen111
\lineht@=\dimen112
\@envbody=\toks21
\multlinegap=\skip58
\multlinetaggap=\skip59
\mathdisplay@stack=\toks22
LaTeX Info: Redefining \[ on input line 2817.
LaTeX Info: Redefining \] on input line 2818.
)
(/usr/share/texlive/texmf-dist/tex/latex/amscls/amsthm.sty
Package: amsthm 2017/10/31 v2.20.4
\thm@style=\toks23
\thm@bodyfont=\toks24
\thm@headfont=\toks25
\thm@notefont=\toks26
\thm@headpunct=\toks27
\thm@preskip=\skip60
\thm@postskip=\skip61
\thm@headsep=\skip62
\dth@everypar=\toks28
)
(/usr/share/texlive/texmf-dist/tex/latex/amsfonts/amssymb.sty
Package: amssymb 2013/01/14 v3.01 AMS font symbols

(/usr/share/texlive/texmf-dist/tex/latex/amsfonts/amsfonts.sty
Package: amsfonts 2013/01/14 v3.01 Basic AMSFonts support
\symAMSa=\mathgroup4
\symAMSb=\mathgroup5
LaTeX Font Info:    Overwriting math alphabet `\mathfrak' in version `bold'
(Font)                  U/euf/m/n --> U/euf/b/n on input line 106.
))
(/usr/share/texlive/texmf-dist/tex/latex/tools/enumerate.sty
Package: enumerate 2015/07/23 v3.00 enumerate extensions (DPC)
\@enLab=\toks29
)
(/usr/share/texlive/texmf-dist/tex/latex/enumitem/enumitem.sty
Package: enumitem 2011/09/28 v3.5.2 Customized lists
\enitkv@toks@=\toks30
\labelindent=\skip63
\enit@outerparindent=\dimen113
\enit@toks=\toks31
\enit@inbox=\box28
\enitdp@description=\count104
)
(/usr/share/texlive/texmf-dist/tex/latex/tools/tabularx.sty
Package: tabularx 2016/02/03 v2.11 `tabularx' package (DPC)

(/usr/share/texlive/texmf-dist/tex/latex/tools/array.sty
Package: array 2016/10/06 v2.4d Tabular extension package (FMi)
\col@sep=\dimen114
\extrarowheight=\dimen115
\NC@list=\toks32
\extratabsurround=\skip64
\backup@length=\skip65
)
\TX@col@width=\dimen116
\TX@old@table=\dimen117
\TX@old@col=\dimen118
\TX@target=\dimen119
\TX@delta=\dimen120
\TX@cols=\count105
\TX@ftn=\toks33
)
(/usr/share/texlive/texmf-dist/tex/latex/multirow/multirow.sty
Package: multirow 2016/11/25 v2.2 Span multiple rows of a table
\multirow@colwidth=\skip66
\multirow@cntb=\count106
\multirow@dima=\skip67
\bigstrutjot=\dimen121
)
(/usr/share/texlive/texmf-dist/tex/latex/graphics/graphicx.sty
Package: graphicx 2017/06/01 v1.1a Enhanced LaTeX Graphics (DPC,SPQR)

(/usr/share/texlive/texmf-dist/tex/latex/graphics/keyval.sty
Package: keyval 2014/10/28 v1.15 key=value parser (DPC)
\KV@toks@=\toks34
)
(/usr/share/texlive/texmf-dist/tex/latex/graphics/graphics.sty
Package: graphics 2017/06/25 v1.2c Standard LaTeX Graphics (DPC,SPQR)

(/usr/share/texlive/texmf-dist/tex/latex/graphics/trig.sty
Package: trig 2016/01/03 v1.10 sin cos tan (DPC)
)
(/usr/share/texlive/texmf-dist/tex/latex/graphics-cfg/graphics.cfg
File: graphics.cfg 2016/06/04 v1.11 sample graphics configuration
)
Package graphics Info: Driver file: pdftex.def on input line 99.

(/usr/share/texlive/texmf-dist/tex/latex/graphics-def/pdftex.def
File: pdftex.def 2018/01/08 v1.0l Graphics/color driver for pdftex
))
\Gin@req@height=\dimen122
\Gin@req@width=\dimen123
)
(/usr/share/texlive/texmf-dist/tex/latex/caption/caption.sty
Package: caption 2016/02/21 v3.3-144 Customizing captions (AR)

(/usr/share/texlive/texmf-dist/tex/latex/caption/caption3.sty
Package: caption3 2016/05/22 v1.7-166 caption3 kernel (AR)
Package caption3 Info: TeX engine: e-TeX on input line 67.
\captionmargin=\dimen124
\captionmargin@=\dimen125
\captionwidth=\dimen126
\caption@tempdima=\dimen127
\caption@indent=\dimen128
\caption@parindent=\dimen129
\caption@hangindent=\dimen130
Package caption Info: Unknown document class (or package),
(caption)             standard defaults will be used.
)

Package caption Warning: Unsupported document class (or package) detected,
(caption)                usage of the caption package is not recommended.
See the caption package documentation for explanation.

Package caption Info: \@makecaption = \long macro:#1#2->\vskip \abovecaptionski
p \sbox \@tempboxa {#1\CaptionSeparator #2}\ifdim \wd \@tempboxa >\hsize #1\Cap
tionSeparator #2\par \else \global \@minipagefalse \hb@xt@ \hsize {\hfil \box \
@tempboxa \hfil }\fi \vskip \belowcaptionskip .
\c@ContinuedFloat=\count107
) (/usr/share/texlive/texmf-dist/tex/latex/caption/subcaption.sty
Package: subcaption 2016/05/22 v1.1-161 Sub-captions (AR)
\c@subfigure=\count108
\c@subtable=\count109
)
(/usr/share/texlive/texmf-dist/tex/latex/threeparttable/threeparttable.sty
Package: threeparttable 2003/06/13  v 3.0
\@tempboxb=\box29
)
(/usr/share/texlive/texmf-dist/tex/latex/tablefootnote/tablefootnote.sty
Package: tablefootnote 2014/01/26 v1.1c Table foot notes (HMM)

(/usr/share/texlive/texmf-dist/tex/generic/oberdiek/ltxcmds.sty
Package: ltxcmds 2016/05/16 v1.23 LaTeX kernel commands for general use (HO)
)
(/usr/share/texlive/texmf-dist/tex/latex/oberdiek/letltxmacro.sty
Package: letltxmacro 2016/05/16 v1.5 Let assignment for LaTeX macros (HO)
)
(/usr/share/texlive/texmf-dist/tex/latex/xifthen/xifthen.sty
Package: xifthen 2015/11/05 v1.4.0 Extended ifthen features

(/usr/share/texlive/texmf-dist/tex/latex/tools/calc.sty
Package: calc 2014/10/28 v4.3 Infix arithmetic (KKT,FJ)
\calc@Acount=\count110
\calc@Bcount=\count111
\calc@Adimen=\dimen131
\calc@Bdimen=\dimen132
\calc@Askip=\skip68
\calc@Bskip=\skip69
LaTeX Info: Redefining \setlength on input line 80.
LaTeX Info: Redefining \addtolength on input line 81.
\calc@Ccount=\count112
\calc@Cskip=\skip70
)
(/usr/share/texlive/texmf-dist/tex/latex/ifmtarg/ifmtarg.sty
Package: ifmtarg 2009/09/02 v1.2a check for an empty argument
))
(/usr/share/texlive/texmf-dist/tex/latex/etoolbox/etoolbox.sty
Package: etoolbox 2018/02/11 v2.5e e-TeX tools for LaTeX (JAW)
\etb@tempcnta=\count113
))
(/usr/share/texlive/texmf-dist/tex/latex/cite/cite.sty
LaTeX Info: Redefining \cite on input line 302.
LaTeX Info: Redefining \nocite on input line 332.
Package: cite 2015/02/27  v 5.5
)
(/usr/share/texlive/texmf-dist/tex/generic/ulem/ulem.sty
\UL@box=\box30
\UL@hyphenbox=\box31
\UL@skip=\skip71
\UL@hook=\toks35
\UL@height=\dimen133
\UL@pe=\count114
\UL@pixel=\dimen134
\ULC@box=\box32
Package: ulem 2012/05/18
\ULdepth=\dimen135
)
(/usr/share/texlive/texmf-dist/tex/latex/xcolor/xcolor.sty
Package: xcolor 2016/05/11 v2.12 LaTeX color extensions (UK)

(/usr/share/texlive/texmf-dist/tex/latex/graphics-cfg/color.cfg
File: color.cfg 2016/01/02 v1.6 sample color configuration
)
Package xcolor Info: Driver file: pdftex.def on input line 225.
Package xcolor Info: Model `cmy' substituted by `cmy0' on input line 1348.
Package xcolor Info: Model `hsb' substituted by `rgb' on input line 1352.
Package xcolor Info: Model `RGB' extended on input line 1364.
Package xcolor Info: Model `HTML' substituted by `rgb' on input line 1366.
Package xcolor Info: Model `Hsb' substituted by `hsb' on input line 1367.
Package xcolor Info: Model `tHsb' substituted by `hsb' on input line 1368.
Package xcolor Info: Model `HSB' substituted by `hsb' on input line 1369.
Package xcolor Info: Model `Gray' substituted by `gray' on input line 1370.
Package xcolor Info: Model `wave' substituted by `hsb' on input line 1371.
)
(/usr/share/texlive/texmf-dist/tex/latex/import/import.sty
Package: import 2009/03/23  v 5.1
)
(/usr/share/texlive/texmf-dist/tex/latex/geometry/geometry.sty
Package: geometry 2010/09/12 v5.6 Page Geometry

(/usr/share/texlive/texmf-dist/tex/generic/oberdiek/ifpdf.sty
Package: ifpdf 2017/03/15 v3.2 Provides the ifpdf switch
)
(/usr/share/texlive/texmf-dist/tex/generic/oberdiek/ifvtex.sty
Package: ifvtex 2016/05/16 v1.6 Detect VTeX and its facilities (HO)
Package ifvtex Info: VTeX not detected.
)
(/usr/share/texlive/texmf-dist/tex/generic/ifxetex/ifxetex.sty
Package: ifxetex 2010/09/12 v0.6 Provides ifxetex conditional
)
\Gm@cnth=\count115
\Gm@cntv=\count116
\c@Gm@tempcnt=\count117
\Gm@bindingoffset=\dimen136
\Gm@wd@mp=\dimen137
\Gm@odd@mp=\dimen138
\Gm@even@mp=\dimen139
\Gm@layoutwidth=\dimen140
\Gm@layoutheight=\dimen141
\Gm@layouthoffset=\dimen142
\Gm@layoutvoffset=\dimen143
\Gm@dimlist=\toks36
)
(./thesis4_6.aux

LaTeX Warning: Label `eq:propogate_eq' multiply defined.


LaTeX Warning: Label `eq:integral_field' multiply defined.


LaTeX Warning: Label `eq:propagator-CGA' multiply defined.


LaTeX Warning: Label `eq:iterationE' multiply defined.


LaTeX Warning: Label `eq:Es' multiply defined.

)
\openout1 = `thesis4_6.aux'.

LaTeX Font Info:    Checking defaults for OML/cmm/m/it on input line 35.
LaTeX Font Info:    ... okay on input line 35.
LaTeX Font Info:    Checking defaults for T1/cmr/m/n on input line 35.
LaTeX Font Info:    ... okay on input line 35.
LaTeX Font Info:    Checking defaults for OT1/cmr/m/n on input line 35.
LaTeX Font Info:    ... okay on input line 35.
LaTeX Font Info:    Checking defaults for OMS/cmsy/m/n on input line 35.
LaTeX Font Info:    ... okay on input line 35.
LaTeX Font Info:    Checking defaults for OMX/cmex/m/n on input line 35.
LaTeX Font Info:    ... okay on input line 35.
LaTeX Font Info:    Checking defaults for U/cmr/m/n on input line 35.
LaTeX Font Info:    ... okay on input line 35.
LaTeX Font Info:    Checking defaults for T2A/cmr/m/n on input line 35.
LaTeX Font Info:    ... okay on input line 35.
 ABD: EverySelectfont initializing macros
LaTeX Info: Redefining \selectfont on input line 35.

(/usr/share/texlive/texmf-dist/tex/context/base/mkii/supp-pdf.mkii
[Loading MPS to PDF converter (version 2006.09.02).]
\scratchcounter=\count118
\scratchdimen=\dimen144
\scratchbox=\box33
\nofMPsegments=\count119
\nofMParguments=\count120
\everyMPshowfont=\toks37
\MPscratchCnt=\count121
\MPscratchDim=\dimen145
\MPnumerator=\count122
\makeMPintoPDFobject=\count123
\everyMPtoPDFconversion=\toks38
) (/usr/share/texlive/texmf-dist/tex/latex/oberdiek/epstopdf-base.sty
Package: epstopdf-base 2016/05/15 v2.6 Base part for package epstopdf

(/usr/share/texlive/texmf-dist/tex/generic/oberdiek/infwarerr.sty
Package: infwarerr 2016/05/16 v1.4 Providing info/warning/error messages (HO)
)
(/usr/share/texlive/texmf-dist/tex/latex/oberdiek/grfext.sty
Package: grfext 2016/05/16 v1.2 Manage graphics extensions (HO)

(/usr/share/texlive/texmf-dist/tex/generic/oberdiek/kvdefinekeys.sty
Package: kvdefinekeys 2016/05/16 v1.4 Define keys (HO)
))
(/usr/share/texlive/texmf-dist/tex/latex/oberdiek/kvoptions.sty
Package: kvoptions 2016/05/16 v3.12 Key value format for package options (HO)

(/usr/share/texlive/texmf-dist/tex/generic/oberdiek/kvsetkeys.sty
Package: kvsetkeys 2016/05/16 v1.17 Key value parser (HO)

(/usr/share/texlive/texmf-dist/tex/generic/oberdiek/etexcmds.sty
Package: etexcmds 2016/05/16 v1.6 Avoid name clashes with e-TeX commands (HO)

(/usr/share/texlive/texmf-dist/tex/generic/oberdiek/ifluatex.sty
Package: ifluatex 2016/05/16 v1.4 Provides the ifluatex switch (HO)
Package ifluatex Info: LuaTeX not detected.
)
Package etexcmds Info: Could not find \expanded.
(etexcmds)             That can mean that you are not using pdfTeX 1.50 or
(etexcmds)             that some package has redefined \expanded.
(etexcmds)             In the latter case, load this package earlier.
)))
(/usr/share/texlive/texmf-dist/tex/generic/oberdiek/pdftexcmds.sty
Package: pdftexcmds 2018/01/21 v0.26 Utility functions of pdfTeX for LuaTeX (HO
)
Package pdftexcmds Info: LuaTeX not detected.
Package pdftexcmds Info: \pdf@primitive is available.
Package pdftexcmds Info: \pdf@ifprimitive is available.
Package pdftexcmds Info: \pdfdraftmode found.
)
Package epstopdf-base Info: Redefining graphics rule for `.eps' on input line 4
38.
Package grfext Info: Graphics extension search list:
(grfext)             [.pdf,.png,.jpg,.mps,.jpeg,.jbig2,.jb2,.PDF,.PNG,.JPG,.JPE
G,.JBIG2,.JB2,.eps]
(grfext)             \AppendGraphicsExtensions on input line 456.

(/usr/share/texlive/texmf-dist/tex/latex/latexconfig/epstopdf-sys.cfg
File: epstopdf-sys.cfg 2010/07/13 v1.3 Configuration of (r)epstopdf for TeX Liv
e
))
Package caption Info: Begin \AtBeginDocument code.
Package caption Info: threeparttable package is loaded.
Package caption Info: End \AtBeginDocument code.

*geometry* driver: auto-detecting
*geometry* detected driver: pdftex
*geometry* verbose mode - [ preamble ] result:
* driver: pdftex
* paper: <default>
* layout: <same size as paper>
* layoutoffset:(h,v)=(0.0pt,0.0pt)
* modes: 
* h-part:(L,W,R)=(85.35826pt, 483.69687pt, 28.45274pt)
* v-part:(T,H,B)=(56.9055pt, 731.23584pt, 56.9055pt)
* \paperwidth=597.50787pt
* \paperheight=845.04684pt
* \textwidth=483.69687pt
* \textheight=731.23584pt
* \oddsidemargin=13.08827pt
* \evensidemargin=13.08827pt
* \topmargin=-54.36449pt
* \headheight=14.0pt
* \headsep=25.0pt
* \topskip=14.0pt
* \footskip=30.0pt
* \marginparwidth=15.0pt
* \marginparsep=10.0pt
* \columnsep=10.0pt
* \skip\footins=12.0pt plus 4.0pt minus 2.0pt
* \hoffset=0.0pt
* \voffset=0.0pt
* \mag=1000
* \@twocolumnfalse
* \@twosidefalse
* \@mparswitchfalse
* \@reversemarginfalse
* (1in=72.27pt=25.4mm, 1cm=28.453pt)

<<ot1.cmap>><<oml.cmap>><<oms.cmap>><<omx.cmap>>
LaTeX Font Info:    Try loading font information for U+msa on input line 54.

(/usr/share/texlive/texmf-dist/tex/latex/amsfonts/umsa.fd
File: umsa.fd 2013/01/14 v3.01 AMS symbols A
)
LaTeX Font Info:    Try loading font information for U+msb on input line 54.

(/usr/share/texlive/texmf-dist/tex/latex/amsfonts/umsb.fd
File: umsb.fd 2013/01/14 v3.01 AMS symbols B
) [1

{/var/lib/texmf/fonts/map/pdftex/updmap/pdftex.map}] (./abstract_ua.tex
Overfull \hbox (7.85822pt too wide) in paragraph at lines 9--10
[]\T2A/cmr/m/n/14.4 Дисертацiя на здо-бу-т-тя на-у-ко-во-го сту-пе-ня кан-ди-да
-та фiзико-математичних
 []


Overfull \hbox (1.55554pt too wide) in paragraph at lines 13--14
[]\T2A/cmr/m/n/14.4 В ро-бо-тi до-слi-джу-ю-ться ефе-ктив-нi ква-зi-ста-ти-чнi 
про-вiд-нiсть i про-ни-кнiсть
 []

) [2] (./abstract_en.tex [3]) [4] (./thesis_publications.tex
Overfull \hbox (2.45404pt too wide) in paragraph at lines 4--8
[]\T2A/cmr/m/n/14.4 Sushko M. Ya. Conducti-vi-ty and permi-tti-vi-ty of di-sper
sed systems wi-th penetr-
 []


Overfull \hbox (2.37135pt too wide) in paragraph at lines 32--33
[]\T2A/cmr/m/n/14.4 Semenov A. Complex permi-tti-vi-ty of di-sperse systems wi-
th penetrable particle-
 []

[5]
Overfull \hbox (1.34578pt too wide) in paragraph at lines 38--39
\T2A/cmr/m/n/14.4 Internati-onal Conference Physi-cs of Li-quid Matter: Modern 
Prob-lems, abstract
 []

[6]
Overfull \hbox (1.20866pt too wide) in paragraph at lines 52--53
[]\T2A/cmr/m/n/14.4 Sushko M. Ya. Recent developments in the theory of electrod
ynamic homogeni-
 []

) [7] (./thesis4_6.toc [8

])
\tf@toc=\write3
\openout3 = `thesis4_6.toc'.

 [9] [10

] (./thesis_intro.tex [11

]
Overfull \hbox (9.7529pt too wide) in paragraph at lines 67--73
\T2A/cmr/m/n/14.4 си-стем про-вiд-них ча-сти-нок у рам-ках ме-то-ду ком-па-ктни
х груп (МКГ) [1[]
 []

[12] [13] [14]
Overfull \hbox (30.64229pt too wide) in paragraph at lines 178--179
[]\T2A/cmr/m/n/14.4 2015 Internati-onal Young Sci-enti-sts Forum on Appli-ed Ph
ysi-cs, Dni-propetrovsk,
 []


Overfull \hbox (4.05873pt too wide) in paragraph at lines 180--181
[]\T2A/cmr/m/n/14.4 International conference: Development of innovati-on in the
 techni-cal, physi-
 []

) [15]
\bfseries {\cyrillictext \CYRR \cyro \cyrz \cyrd \cyrii \cyrl } 1.
[16

]
Overfull \hbox (13.38434pt too wide) in paragraph at lines 199--209
[]\T2A/cmr/m/n/14.4 Бругеману вда-ло-ся [10, 11] обi-йти ряд не-до-лi-кiв пiд-х
о-ду Максвелла-Гарнетта,
 []

[17] [18] [19] [20] [21] [22]
Package epstopdf Info: Source file: <images/HanaiDiff.eps>
(epstopdf)                    date: 2017-08-06 10:49:06
(epstopdf)                    size: 56487 bytes
(epstopdf)             Output file: <images/HanaiDiff-eps-converted-to.pdf>
(epstopdf)                    date: 2019-12-21 10:38:00
(epstopdf)                    size: 53807 bytes
(epstopdf)             Command: <repstopdf --outfile=images/HanaiDiff-eps-conve
rted-to.pdf images/HanaiDiff.eps>
(epstopdf)             \includegraphics on input line 505.
Package epstopdf Info: Output file is already uptodate.


pdfTeX warning: /usr/bin/pdflatex (file ./images/HanaiDiff-eps-converted-to.pdf
): PDF inclusion: found PDF version <1.7>, but at most version <1.5> allowed
<images/HanaiDiff-eps-converted-to.pdf, id=92, 978.65625pt x 451.6875pt>
File: images/HanaiDiff-eps-converted-to.pdf Graphic file (type pdf)
<use images/HanaiDiff-eps-converted-to.pdf>
Package pdftex.def Info: images/HanaiDiff-eps-converted-to.pdf  used on input l
ine 505.
(pdftex.def)             Requested size: 230.56664pt x 106.4139pt.
[23 <./images/HanaiDiff-eps-converted-to.pdf>] [24] [25] [26]
Overfull \hbox (98.52907pt too wide) in alignment at lines 698--703
 [][][] []
 []

[27]
Overfull \hbox (18.61263pt too wide) in paragraph at lines 723--727
\OT1/cmr/m/n/14.4 1$\T2A/cmr/m/n/14.4 ). У низь-ко-ча-сто-тно-му на-бли-жен-нi 
ефе-ктив-на про-ни-кнiсть ви-зна-ча-№-ться як [42]: 
 []

[28]
Overfull \hbox (4.42107pt too wide) in paragraph at lines 780--797
[]\T2A/cmr/m/n/14.4 Метод ком-па-ктних груп не-о-дно-рi-дно-стей (МКГ) був роз-
ро-бле-ний М. Я. Су-
 []

[29] [30]
Overfull \hbox (132.18668pt too wide) detected at line 877
\OT1/cmr/bx/n/14.4 E[]\OT1/cmr/m/n/14.4 (\OT1/cmr/bx/n/14.4 r\OT1/cmr/m/n/14.4 
) = (\OMS/cmsy/m/n/14.4 ^^@\OML/cmm/m/it/14.4 k[]\OT1/cmr/m/n/14.4 )[] [] \OML/
cmm/m/it/14.4 d[] [] d\OT1/cmr/bx/n/14.4 r[] \OML/cmm/m/it/14.4 :::  [] d\OT1/c
mr/bx/n/14.4 r[]\OT1/cmr/m/n/14.4 T(\OMS/cmsy/m/n/14.4 j\OT1/cmr/bx/n/14.4 r \O
MS/cmsy/m/n/14.4 ^^@ \OT1/cmr/bx/n/14.4 r[]\OMS/cmsy/m/n/14.4 j\OT1/cmr/m/n/14.
4 )T(\OMS/cmsy/m/n/14.4 j\OT1/cmr/bx/n/14.4 r[] \OMS/cmsy/m/n/14.4 ^^@ \OT1/cmr
/bx/n/14.4 r[]\OMS/cmsy/m/n/14.4 j\OT1/cmr/m/n/14.4 ) \OML/cmm/m/it/14.4 ::: \O
T1/cmr/m/n/14.4 T(\OMS/cmsy/m/n/14.4 j\OT1/cmr/bx/n/14.4 r[] \OMS/cmsy/m/n/14.4
 ^^@ \OT1/cmr/bx/n/14.4 r[]\OMS/cmsy/m/n/14.4 j\OT1/cmr/m/n/14.4 )\OML/cmm/m/it
/14.4 ^^N"\OT1/cmr/m/n/14.4 (\OT1/cmr/bx/n/14.4 r[]\OT1/cmr/m/n/14.4 )\OML/cmm/
m/it/14.4 ^^N"\OT1/cmr/m/n/14.4 (\OT1/cmr/bx/n/14.4 r[]\OT1/cmr/m/n/14.4 ) \OML
/cmm/m/it/14.4 ::: ^^N"\OT1/cmr/m/n/14.4 (\OT1/cmr/bx/n/14.4 r[]\OT1/cmr/m/n/14
.4 )\OT1/cmr/bx/n/14.4 E[]\OT1/cmr/m/n/14.4 (\OT1/cmr/bx/n/14.4 r[]\OT1/cmr/m/n
/14.4 )\OML/cmm/m/it/14.4 :
 []

[31] [32] [33] [34]
Package epstopdf Info: Source file: <images/WienerBoundsMax.eps>
(epstopdf)                    date: 2019-07-13 16:28:29
(epstopdf)                    size: 5573 bytes
(epstopdf)             Output file: <images/WienerBoundsMax-eps-converted-to.pd
f>
(epstopdf)                    date: 2019-12-21 10:38:00
(epstopdf)                    size: 3371 bytes
(epstopdf)             Command: <repstopdf --outfile=images/WienerBoundsMax-eps
-converted-to.pdf images/WienerBoundsMax.eps>
(epstopdf)             \includegraphics on input line 1047.
Package epstopdf Info: Output file is already uptodate.


pdfTeX warning: /usr/bin/pdflatex (file ./images/WienerBoundsMax-eps-converted-
to.pdf): PDF inclusion: found PDF version <1.7>, but at most version <1.5> allo
wed
<images/WienerBoundsMax-eps-converted-to.pdf, id=137, 443.6575pt x 285.065pt>
File: images/WienerBoundsMax-eps-converted-to.pdf Graphic file (type pdf)
<use images/WienerBoundsMax-eps-converted-to.pdf>
Package pdftex.def Info: images/WienerBoundsMax-eps-converted-to.pdf  used on i
nput line 1047.
(pdftex.def)             Requested size: 169.29684pt x 108.7782pt.
Package epstopdf Info: Source file: <images/WienerBoundsMin.eps>
(epstopdf)                    date: 2019-07-13 16:26:53
(epstopdf)                    size: 6003 bytes
(epstopdf)             Output file: <images/WienerBoundsMin-eps-converted-to.pd
f>
(epstopdf)                    date: 2019-12-21 10:38:01
(epstopdf)                    size: 3407 bytes
(epstopdf)             Command: <repstopdf --outfile=images/WienerBoundsMin-eps
-converted-to.pdf images/WienerBoundsMin.eps>
(epstopdf)             \includegraphics on input line 1049.
Package epstopdf Info: Output file is already uptodate.


pdfTeX warning: /usr/bin/pdflatex (file ./images/WienerBoundsMin-eps-converted-
to.pdf): PDF inclusion: found PDF version <1.7>, but at most version <1.5> allo
wed
<images/WienerBoundsMin-eps-converted-to.pdf, id=138, 443.6575pt x 285.065pt>
File: images/WienerBoundsMin-eps-converted-to.pdf Graphic file (type pdf)
<use images/WienerBoundsMin-eps-converted-to.pdf>
Package pdftex.def Info: images/WienerBoundsMin-eps-converted-to.pdf  used on i
nput line 1049.
(pdftex.def)             Requested size: 169.29684pt x 108.7782pt.
[35 <./images/WienerBoundsMax-eps-converted-to.pdf> <./images/WienerBoundsMin-e
ps-converted-to.pdf>]
<images/HS.png, id=146, 269.09042pt x 221.37442pt>
File: images/HS.png Graphic file (type png)
<use images/HS.png>
Package pdftex.def Info: images/HS.png  used on input line 1091.
(pdftex.def)             Requested size: 193.47578pt x 159.17326pt.

Overfull \hbox (22.49944pt too wide) in paragraph at lines 1107--1128
\T2A/cmr/m/n/14.4 тре-бу-ють уто-чнень, вве-де-н-ня до-по-мi-жних па-ра-ме-трiв
, та до-ста-тнiх комп'ютерних
 []

[36 <./images/HS.png>] [37]
\bfseries {\cyrillictext \CYRR \cyro \cyrz \cyrd \cyrii \cyrl } 2.
[38

] [39] [40]
Overfull \hbox (132.18668pt too wide) detected at line 1317
\OT1/cmr/bx/n/14.4 E[]\OT1/cmr/m/n/14.4 (\OT1/cmr/bx/n/14.4 r\OT1/cmr/m/n/14.4 
) = (\OMS/cmsy/m/n/14.4 ^^@\OML/cmm/m/it/14.4 k[]\OT1/cmr/m/n/14.4 )[] [] \OML/
cmm/m/it/14.4 d[] [] d\OT1/cmr/bx/n/14.4 r[] \OML/cmm/m/it/14.4 :::  [] d\OT1/c
mr/bx/n/14.4 r[]\OT1/cmr/m/n/14.4 T(\OMS/cmsy/m/n/14.4 j\OT1/cmr/bx/n/14.4 r \O
MS/cmsy/m/n/14.4 ^^@ \OT1/cmr/bx/n/14.4 r[]\OMS/cmsy/m/n/14.4 j\OT1/cmr/m/n/14.
4 )T(\OMS/cmsy/m/n/14.4 j\OT1/cmr/bx/n/14.4 r[] \OMS/cmsy/m/n/14.4 ^^@ \OT1/cmr
/bx/n/14.4 r[]\OMS/cmsy/m/n/14.4 j\OT1/cmr/m/n/14.4 ) \OML/cmm/m/it/14.4 ::: \O
T1/cmr/m/n/14.4 T(\OMS/cmsy/m/n/14.4 j\OT1/cmr/bx/n/14.4 r[] \OMS/cmsy/m/n/14.4
 ^^@ \OT1/cmr/bx/n/14.4 r[]\OMS/cmsy/m/n/14.4 j\OT1/cmr/m/n/14.4 )\OML/cmm/m/it
/14.4 ^^N"\OT1/cmr/m/n/14.4 (\OT1/cmr/bx/n/14.4 r[]\OT1/cmr/m/n/14.4 )\OML/cmm/
m/it/14.4 ^^N"\OT1/cmr/m/n/14.4 (\OT1/cmr/bx/n/14.4 r[]\OT1/cmr/m/n/14.4 ) \OML
/cmm/m/it/14.4 ::: ^^N"\OT1/cmr/m/n/14.4 (\OT1/cmr/bx/n/14.4 r[]\OT1/cmr/m/n/14
.4 )\OT1/cmr/bx/n/14.4 E[]\OT1/cmr/m/n/14.4 (\OT1/cmr/bx/n/14.4 r[]\OT1/cmr/m/n
/14.4 )\OML/cmm/m/it/14.4 :
 []

[41] [42] [43]
Package epstopdf Info: Source file: <images/model-1layer.eps>
(epstopdf)                    date: 2018-08-20 14:44:27
(epstopdf)                    size: 71948 bytes
(epstopdf)             Output file: <images/model-1layer-eps-converted-to.pdf>
(epstopdf)                    date: 2019-12-21 10:38:01
(epstopdf)                    size: 28242 bytes
(epstopdf)             Command: <repstopdf --outfile=images/model-1layer-eps-co
nverted-to.pdf images/model-1layer.eps>
(epstopdf)             \includegraphics on input line 1469.
Package epstopdf Info: Output file is already uptodate.


pdfTeX warning: /usr/bin/pdflatex (file ./images/model-1layer-eps-converted-to.
pdf): PDF inclusion: found PDF version <1.7>, but at most version <1.5> allowed

<images/model-1layer-eps-converted-to.pdf, id=173, 249.93375pt x 260.975pt>
File: images/model-1layer-eps-converted-to.pdf Graphic file (type pdf)
<use images/model-1layer-eps-converted-to.pdf>
Package pdftex.def Info: images/model-1layer-eps-converted-to.pdf  used on inpu
t line 1469.
(pdftex.def)             Requested size: 185.2913pt x 193.47578pt.
[44] [45 <./images/model-1layer-eps-converted-to.pdf>]
Overfull \hbox (2.81563pt too wide) in paragraph at lines 1575--1587
\T2A/cmr/m/n/14.4 дних радiально-си-метричних обо-ло-нок з кусково-гладким про-
фi-лем $[]\OT1/cmr/m/n/14.4 (\OML/cmm/m/it/14.4 r\OT1/cmr/m/n/14.4 )$\T2A/cmr/m
/n/14.4 . Роз-
 []

[46]
Package epstopdf Info: Source file: <images/Fig1_Microstructure_new5.eps>
(epstopdf)                    date: 2019-10-20 15:43:47
(epstopdf)                    size: 71751 bytes
(epstopdf)             Output file: <images/Fig1_Microstructure_new5-eps-conver
ted-to.pdf>
(epstopdf)                    date: 2019-12-21 10:38:02
(epstopdf)                    size: 27740 bytes
(epstopdf)             Command: <repstopdf --outfile=images/Fig1_Microstructure
_new5-eps-converted-to.pdf images/Fig1_Microstructure_new5.eps>
(epstopdf)             \includegraphics on input line 1600.
Package epstopdf Info: Output file is already uptodate.


pdfTeX warning: /usr/bin/pdflatex (file ./images/Fig1_Microstructure_new5-eps-c
onverted-to.pdf): PDF inclusion: found PDF version <1.7>, but at most version <
1.5> allowed
<images/Fig1_Microstructure_new5-eps-converted-to.pdf, id=201, 439.6425pt x 443
.6575pt>
File: images/Fig1_Microstructure_new5-eps-converted-to.pdf Graphic file (type p
df)
<use images/Fig1_Microstructure_new5-eps-converted-to.pdf>
Package pdftex.def Info: images/Fig1_Microstructure_new5-eps-converted-to.pdf  
used on input line 1600.
(pdftex.def)             Requested size: 217.66211pt x 219.64836pt.
[47 <./images/Fig1_Microstructure_new5-eps-converted-to.pdf>] [48] [49]
[50] [51]
\bfseries {\cyrillictext \CYRR \cyro \cyrz \cyrd \cyrii \cyrl } 3.
<images/RRN.png, id=233, 465.23813pt x 127.97812pt>
File: images/RRN.png Graphic file (type png)
<use images/RRN.png>
Package pdftex.def Info: images/RRN.png  used on input line 1801.
(pdftex.def)             Requested size: 362.77264pt x 99.79518pt.
[52

 <./images/RRN.png (PNG copy)>] [53]
Package epstopdf Info: Source file: <images/SiekierskiShell_107.eps>
(epstopdf)                    date: 2017-09-17 17:21:16
(epstopdf)                    size: 350241 bytes
(epstopdf)             Output file: <images/SiekierskiShell_107-eps-converted-t
o.pdf>
(epstopdf)                    date: 2019-12-21 10:38:04
(epstopdf)                    size: 17610 bytes
(epstopdf)             Command: <repstopdf --outfile=images/SiekierskiShell_107
-eps-converted-to.pdf images/SiekierskiShell_107.eps>
(epstopdf)             \includegraphics on input line 1879.
Package epstopdf Info: Output file is already uptodate.


pdfTeX warning: /usr/bin/pdflatex (file ./images/SiekierskiShell_107-eps-conver
ted-to.pdf): PDF inclusion: found PDF version <1.7>, but at most version <1.5> 
allowed
<images/SiekierskiShell_107-eps-converted-to.pdf, id=240, 240.9pt x 194.7275pt>

File: images/SiekierskiShell_107-eps-converted-to.pdf Graphic file (type pdf)
<use images/SiekierskiShell_107-eps-converted-to.pdf>
Package pdftex.def Info: images/SiekierskiShell_107-eps-converted-to.pdf  used 
on input line 1879.
(pdftex.def)             Requested size: 209.44528pt x 169.29684pt.
Package epstopdf Info: Source file: <images/SiekierskiShell_103-9.eps>
(epstopdf)                    date: 2017-09-17 17:20:24
(epstopdf)                    size: 373207 bytes
(epstopdf)             Output file: <images/SiekierskiShell_103-9-eps-converted
-to.pdf>
(epstopdf)                    date: 2019-12-21 10:38:04
(epstopdf)                    size: 18667 bytes
(epstopdf)             Command: <repstopdf --outfile=images/SiekierskiShell_103
-9-eps-converted-to.pdf images/SiekierskiShell_103-9.eps>
(epstopdf)             \includegraphics on input line 1881.
Package epstopdf Info: Output file is already uptodate.


pdfTeX warning: /usr/bin/pdflatex (file ./images/SiekierskiShell_103-9-eps-conv
erted-to.pdf): PDF inclusion: found PDF version <1.7>, but at most version <1.5
> allowed
<images/SiekierskiShell_103-9-eps-converted-to.pdf, id=241, 240.9pt x 194.7275p
t>
File: images/SiekierskiShell_103-9-eps-converted-to.pdf Graphic file (type pdf)

<use images/SiekierskiShell_103-9-eps-converted-to.pdf>
Package pdftex.def Info: images/SiekierskiShell_103-9-eps-converted-to.pdf  use
d on input line 1881.
(pdftex.def)             Requested size: 209.44528pt x 169.29684pt.
[54] [55 <./images/SiekierskiShell_107-eps-converted-to.pdf> <./images/Siekiers
kiShell_103-9-eps-converted-to.pdf>]
Package epstopdf Info: Source file: <images/Fig5_SiekierskiConductivity107a_4.e
ps>
(epstopdf)                    date: 2019-09-15 15:34:17
(epstopdf)                    size: 386110 bytes
(epstopdf)             Output file: <images/Fig5_SiekierskiConductivity107a_4-e
ps-converted-to.pdf>
(epstopdf)                    date: 2019-12-21 10:38:05
(epstopdf)                    size: 33050 bytes
(epstopdf)             Command: <repstopdf --outfile=images/Fig5_SiekierskiCond
uctivity107a_4-eps-converted-to.pdf images/Fig5_SiekierskiConductivity107a_4.ep
s>
(epstopdf)             \includegraphics on input line 1989.
Package epstopdf Info: Output file is already uptodate.


pdfTeX warning: /usr/bin/pdflatex (file ./images/Fig5_SiekierskiConductivity107
a_4-eps-converted-to.pdf): PDF inclusion: found PDF version <1.7>, but at most 
version <1.5> allowed
<images/Fig5_SiekierskiConductivity107a_4-eps-converted-to.pdf, id=300, 240.9pt
 x 185.69376pt>
File: images/Fig5_SiekierskiConductivity107a_4-eps-converted-to.pdf Graphic fil
e (type pdf)
<use images/Fig5_SiekierskiConductivity107a_4-eps-converted-to.pdf>
Package pdftex.def Info: images/Fig5_SiekierskiConductivity107a_4-eps-converted
-to.pdf  used on input line 1989.
(pdftex.def)             Requested size: 232.17664pt x 178.96547pt.
Package epstopdf Info: Source file: <images/SiekierskiShellConductivity_105-9.e
ps>
(epstopdf)                    date: 2017-10-04 08:21:15
(epstopdf)                    size: 334845 bytes
(epstopdf)             Output file: <images/SiekierskiShellConductivity_105-9-e
ps-converted-to.pdf>
(epstopdf)                    date: 2019-12-21 10:38:06
(epstopdf)                    size: 12426 bytes
(epstopdf)             Command: <repstopdf --outfile=images/SiekierskiShellCond
uctivity_105-9-eps-converted-to.pdf images/SiekierskiShellConductivity_105-9.ep
s>
(epstopdf)             \includegraphics on input line 1991.
Package epstopdf Info: Output file is already uptodate.


pdfTeX warning: /usr/bin/pdflatex (file ./images/SiekierskiShellConductivity_10
5-9-eps-converted-to.pdf): PDF inclusion: found PDF version <1.7>, but at most 
version <1.5> allowed
<images/SiekierskiShellConductivity_105-9-eps-converted-to.pdf, id=301, 240.9pt
 x 190.7125pt>
File: images/SiekierskiShellConductivity_105-9-eps-converted-to.pdf Graphic fil
e (type pdf)
<use images/SiekierskiShellConductivity_105-9-eps-converted-to.pdf>
Package pdftex.def Info: images/SiekierskiShellConductivity_105-9-eps-converted
-to.pdf  used on input line 1991.
(pdftex.def)             Requested size: 226.07108pt x 178.96547pt.
[56]
Package epstopdf Info: Source file: <images/Fig6_Siekierski_HomogeneousLayers_t
_fixed.eps>
(epstopdf)                    date: 2019-09-19 15:37:18
(epstopdf)                    size: 363108 bytes
(epstopdf)             Output file: <images/Fig6_Siekierski_HomogeneousLayers_t
_fixed-eps-converted-to.pdf>
(epstopdf)                    date: 2019-12-21 10:38:07
(epstopdf)                    size: 22766 bytes
(epstopdf)             Command: <repstopdf --outfile=images/Fig6_Siekierski_Hom
ogeneousLayers_t_fixed-eps-converted-to.pdf images/Fig6_Siekierski_HomogeneousL
ayers_t_fixed.eps>
(epstopdf)             \includegraphics on input line 2015.
Package epstopdf Info: Output file is already uptodate.


pdfTeX warning: /usr/bin/pdflatex (file ./images/Fig6_Siekierski_HomogeneousLay
ers_t_fixed-eps-converted-to.pdf): PDF inclusion: found PDF version <1.7>, but 
at most version <1.5> allowed
<images/Fig6_Siekierski_HomogeneousLayers_t_fixed-eps-converted-to.pdf, id=305,
 240.9pt x 188.705pt>
File: images/Fig6_Siekierski_HomogeneousLayers_t_fixed-eps-converted-to.pdf Gra
phic file (type pdf)
<use images/Fig6_Siekierski_HomogeneousLayers_t_fixed-eps-converted-to.pdf>
Package pdftex.def Info: images/Fig6_Siekierski_HomogeneousLayers_t_fixed-eps-c
onverted-to.pdf  used on input line 2015.
(pdftex.def)             Requested size: 228.46773pt x 178.96547pt.
Package epstopdf Info: Source file: <images/Fig7_Siekierski_HomogeneousLayers_d
_fixed.eps>
(epstopdf)                    date: 2019-09-19 15:37:21
(epstopdf)                    size: 350840 bytes
(epstopdf)             Output file: <images/Fig7_Siekierski_HomogeneousLayers_d
_fixed-eps-converted-to.pdf>
(epstopdf)                    date: 2019-12-21 10:38:08
(epstopdf)                    size: 20690 bytes
(epstopdf)             Command: <repstopdf --outfile=images/Fig7_Siekierski_Hom
ogeneousLayers_d_fixed-eps-converted-to.pdf images/Fig7_Siekierski_HomogeneousL
ayers_d_fixed.eps>
(epstopdf)             \includegraphics on input line 2017.
Package epstopdf Info: Output file is already uptodate.


pdfTeX warning: /usr/bin/pdflatex (file ./images/Fig7_Siekierski_HomogeneousLay
ers_d_fixed-eps-converted-to.pdf): PDF inclusion: found PDF version <1.7>, but 
at most version <1.5> allowed
<images/Fig7_Siekierski_HomogeneousLayers_d_fixed-eps-converted-to.pdf, id=306,
 240.9pt x 188.705pt>
File: images/Fig7_Siekierski_HomogeneousLayers_d_fixed-eps-converted-to.pdf Gra
phic file (type pdf)
<use images/Fig7_Siekierski_HomogeneousLayers_d_fixed-eps-converted-to.pdf>
Package pdftex.def Info: images/Fig7_Siekierski_HomogeneousLayers_d_fixed-eps-c
onverted-to.pdf  used on input line 2017.
(pdftex.def)             Requested size: 228.46773pt x 178.96547pt.
[57] [58 <./images/Fig5_SiekierskiConductivity107a_4-eps-converted-to.pdf> <./i
mages/SiekierskiShellConductivity_105-9-eps-converted-to.pdf>]
Package epstopdf Info: Source file: <images/Siekierski_MaximumLocation.eps>
(epstopdf)                    date: 2017-12-21 16:18:07
(epstopdf)                    size: 161334 bytes
(epstopdf)             Output file: <images/Siekierski_MaximumLocation-eps-conv
erted-to.pdf>
(epstopdf)                    date: 2019-12-21 10:38:08
(epstopdf)                    size: 11019 bytes
(epstopdf)             Command: <repstopdf --outfile=images/Siekierski_MaximumL
ocation-eps-converted-to.pdf images/Siekierski_MaximumLocation.eps>
(epstopdf)             \includegraphics on input line 2092.
Package epstopdf Info: Output file is already uptodate.


pdfTeX warning: /usr/bin/pdflatex (file ./images/Siekierski_MaximumLocation-eps
-converted-to.pdf): PDF inclusion: found PDF version <1.7>, but at most version
 <1.5> allowed
<images/Siekierski_MaximumLocation-eps-converted-to.pdf, id=352, 205.76875pt x 
184.69pt>
File: images/Siekierski_MaximumLocation-eps-converted-to.pdf Graphic file (type
 pdf)
<use images/Siekierski_MaximumLocation-eps-converted-to.pdf>
Package pdftex.def Info: images/Siekierski_MaximumLocation-eps-converted-to.pdf
  used on input line 2092.
(pdftex.def)             Requested size: 188.61877pt x 169.29684pt.
Package epstopdf Info: Source file: <images/Siekierski_MaxConductivity.eps>
(epstopdf)                    date: 2017-12-21 16:18:09
(epstopdf)                    size: 472317 bytes
(epstopdf)             Output file: <images/Siekierski_MaxConductivity-eps-conv
erted-to.pdf>
(epstopdf)                    date: 2019-12-21 10:38:09
(epstopdf)                    size: 53394 bytes
(epstopdf)             Command: <repstopdf --outfile=images/Siekierski_MaxCondu
ctivity-eps-converted-to.pdf images/Siekierski_MaxConductivity.eps>
(epstopdf)             \includegraphics on input line 2094.
Package epstopdf Info: Output file is already uptodate.


pdfTeX warning: /usr/bin/pdflatex (file ./images/Siekierski_MaxConductivity-eps
-converted-to.pdf): PDF inclusion: found PDF version <1.7>, but at most version
 <1.5> allowed
<images/Siekierski_MaxConductivity-eps-converted-to.pdf, id=353, 240.9pt x 183.
68625pt>
File: images/Siekierski_MaxConductivity-eps-converted-to.pdf Graphic file (type
 pdf)
<use images/Siekierski_MaxConductivity-eps-converted-to.pdf>
Package pdftex.def Info: images/Siekierski_MaxConductivity-eps-converted-to.pdf
  used on input line 2094.
(pdftex.def)             Requested size: 222.04237pt x 169.29684pt.
[59 <./images/Fig6_Siekierski_HomogeneousLayers_t_fixed-eps-converted-to.pdf> <
./images/Fig7_Siekierski_HomogeneousLayers_d_fixed-eps-converted-to.pdf>]

LaTeX Warning: Reference `eq:phi_non-pen' on page 60 undefined on input line 21
16.

[60 <./images/Siekierski_MaximumLocation-eps-converted-to.pdf> <./images/Siekie
rski_MaxConductivity-eps-converted-to.pdf>]
Package epstopdf Info: Source file: <images/Siekierski_t_fixed.eps>
(epstopdf)                    date: 2017-10-13 13:44:11
(epstopdf)                    size: 282573 bytes
(epstopdf)             Output file: <images/Siekierski_t_fixed-eps-converted-to
.pdf>
(epstopdf)                    date: 2019-12-21 10:38:10
(epstopdf)                    size: 12408 bytes
(epstopdf)             Command: <repstopdf --outfile=images/Siekierski_t_fixed-
eps-converted-to.pdf images/Siekierski_t_fixed.eps>
(epstopdf)             \includegraphics on input line 2145.
Package epstopdf Info: Output file is already uptodate.


pdfTeX warning: /usr/bin/pdflatex (file ./images/Siekierski_t_fixed-eps-convert
ed-to.pdf): PDF inclusion: found PDF version <1.7>, but at most version <1.5> a
llowed
<images/Siekierski_t_fixed-eps-converted-to.pdf, id=437, 240.9pt x 211.79124pt>

File: images/Siekierski_t_fixed-eps-converted-to.pdf Graphic file (type pdf)
<use images/Siekierski_t_fixed-eps-converted-to.pdf>
Package pdftex.def Info: images/Siekierski_t_fixed-eps-converted-to.pdf  used o
n input line 2145.
(pdftex.def)             Requested size: 192.57321pt x 169.29684pt.
Package epstopdf Info: Source file: <images/Siekierski_d_fixed.eps>
(epstopdf)                    date: 2017-10-13 13:44:10
(epstopdf)                    size: 284028 bytes
(epstopdf)             Output file: <images/Siekierski_d_fixed-eps-converted-to
.pdf>
(epstopdf)                    date: 2019-12-21 10:38:11
(epstopdf)                    size: 12336 bytes
(epstopdf)             Command: <repstopdf --outfile=images/Siekierski_d_fixed-
eps-converted-to.pdf images/Siekierski_d_fixed.eps>
(epstopdf)             \includegraphics on input line 2147.
Package epstopdf Info: Output file is already uptodate.


pdfTeX warning: /usr/bin/pdflatex (file ./images/Siekierski_d_fixed-eps-convert
ed-to.pdf): PDF inclusion: found PDF version <1.7>, but at most version <1.5> a
llowed
<images/Siekierski_d_fixed-eps-converted-to.pdf, id=438, 240.9pt x 206.7725pt>
File: images/Siekierski_d_fixed-eps-converted-to.pdf Graphic file (type pdf)
<use images/Siekierski_d_fixed-eps-converted-to.pdf>
Package pdftex.def Info: images/Siekierski_d_fixed-eps-converted-to.pdf  used o
n input line 2147.
(pdftex.def)             Requested size: 202.87657pt x 174.13116pt.
[61 <./images/Siekierski_t_fixed-eps-converted-to.pdf> <./images/Siekierski_d_f
ixed-eps-converted-to.pdf>] [62]
\bfseries {\cyrillictext \CYRR \cyro \cyrz \cyrd \cyrii \cyrl } 4.
[63

] [64]
Package epstopdf Info: Source file: <images/Fig12_Liang_LiI-Al2O3-Processing.ep
s>
(epstopdf)                    date: 2017-10-12 09:24:47
(epstopdf)                    size: 236751 bytes
(epstopdf)             Output file: <images/Fig12_Liang_LiI-Al2O3-Processing-ep
s-converted-to.pdf>
(epstopdf)                    date: 2019-12-21 10:38:11
(epstopdf)                    size: 12730 bytes
(epstopdf)             Command: <repstopdf --outfile=images/Fig12_Liang_LiI-Al2
O3-Processing-eps-converted-to.pdf images/Fig12_Liang_LiI-Al2O3-Processing.eps>

(epstopdf)             \includegraphics on input line 2264.
Package epstopdf Info: Output file is already uptodate.


pdfTeX warning: /usr/bin/pdflatex (file ./images/Fig12_Liang_LiI-Al2O3-Processi
ng-eps-converted-to.pdf): PDF inclusion: found PDF version <1.7>, but at most v
ersion <1.5> allowed
<images/Fig12_Liang_LiI-Al2O3-Processing-eps-converted-to.pdf, id=492, 240.9pt 
x 235.88126pt>
File: images/Fig12_Liang_LiI-Al2O3-Processing-eps-converted-to.pdf Graphic file
 (type pdf)
<use images/Fig12_Liang_LiI-Al2O3-Processing-eps-converted-to.pdf>
Package pdftex.def Info: images/Fig12_Liang_LiI-Al2O3-Processing-eps-converted-
to.pdf  used on input line 2264.
(pdftex.def)             Requested size: 193.47578pt x 189.4503pt.
Package epstopdf Info: Source file: <images/Fig13_Liang_LiI-Al2O3-Profile.eps>
(epstopdf)                    date: 2017-10-16 09:49:42
(epstopdf)                    size: 242617 bytes
(epstopdf)             Output file: <images/Fig13_Liang_LiI-Al2O3-Profile-eps-c
onverted-to.pdf>
(epstopdf)                    date: 2019-12-21 10:38:12
(epstopdf)                    size: 16244 bytes
(epstopdf)             Command: <repstopdf --outfile=images/Fig13_Liang_LiI-Al2
O3-Profile-eps-converted-to.pdf images/Fig13_Liang_LiI-Al2O3-Profile.eps>
(epstopdf)             \includegraphics on input line 2266.
Package epstopdf Info: Output file is already uptodate.


pdfTeX warning: /usr/bin/pdflatex (file ./images/Fig13_Liang_LiI-Al2O3-Profile-
eps-converted-to.pdf): PDF inclusion: found PDF version <1.7>, but at most vers
ion <1.5> allowed
<images/Fig13_Liang_LiI-Al2O3-Profile-eps-converted-to.pdf, id=493, 240.9pt x 1
68.63pt>
File: images/Fig13_Liang_LiI-Al2O3-Profile-eps-converted-to.pdf Graphic file (t
ype pdf)
<use images/Fig13_Liang_LiI-Al2O3-Profile-eps-converted-to.pdf>
Package pdftex.def Info: images/Fig13_Liang_LiI-Al2O3-Profile-eps-converted-to.
pdf  used on input line 2266.
(pdftex.def)             Requested size: 193.47578pt x 135.4368pt.

Overfull \hbox (9.02965pt too wide) detected at line 2321
\OT1/cmr/m/n/14.4 (1 \OMS/cmsy/m/n/14.4 ^^@ \OML/cmm/m/it/14.4 ^^^\OT1/cmr/m/n/
14.4 (\OML/cmm/m/it/14.4 c; ^^N[]\OT1/cmr/m/n/14.4 ))[] = (1 \OMS/cmsy/m/n/14.4
 ^^@ \OML/cmm/m/it/14.4 ^^^\OT1/cmr/m/n/14.4 (\OML/cmm/m/it/14.4 c; ^^N[]\OT1/c
mr/m/n/14.4 ))[] + (\OML/cmm/m/it/14.4 ^^^\OT1/cmr/m/n/14.4 (\OML/cmm/m/it/14.4
 c; ^^N[]\OT1/cmr/m/n/14.4 ) \OMS/cmsy/m/n/14.4 ^^@ \OML/cmm/m/it/14.4 ^^^\OT1/
cmr/m/n/14.4 (\OML/cmm/m/it/14.4 c; ^^N[]\OT1/cmr/m/n/14.4 ))[]\OML/cmm/m/it/14
.4 ;
 []

[65 <./images/Fig12_Liang_LiI-Al2O3-Processing-eps-converted-to.pdf> <./images/
Fig13_Liang_LiI-Al2O3-Profile-eps-converted-to.pdf>]
Package epstopdf Info: Source file: <images/Fig14_Liang_LiI-Al2O3-Matrix_2.eps>

(epstopdf)                    date: 2018-11-17 09:27:48
(epstopdf)                    size: 146198 bytes
(epstopdf)             Output file: <images/Fig14_Liang_LiI-Al2O3-Matrix_2-eps-
converted-to.pdf>
(epstopdf)                    date: 2019-12-21 10:38:13
(epstopdf)                    size: 9183 bytes
(epstopdf)             Command: <repstopdf --outfile=images/Fig14_Liang_LiI-Al2
O3-Matrix_2-eps-converted-to.pdf images/Fig14_Liang_LiI-Al2O3-Matrix_2.eps>
(epstopdf)             \includegraphics on input line 2343.
Package epstopdf Info: Output file is already uptodate.


pdfTeX warning: /usr/bin/pdflatex (file ./images/Fig14_Liang_LiI-Al2O3-Matrix_2
-eps-converted-to.pdf): PDF inclusion: found PDF version <1.7>, but at most ver
sion <1.5> allowed
<images/Fig14_Liang_LiI-Al2O3-Matrix_2-eps-converted-to.pdf, id=538, 240.9pt x 
216.81pt>
File: images/Fig14_Liang_LiI-Al2O3-Matrix_2-eps-converted-to.pdf Graphic file (
type pdf)
<use images/Fig14_Liang_LiI-Al2O3-Matrix_2-eps-converted-to.pdf>
Package pdftex.def Info: images/Fig14_Liang_LiI-Al2O3-Matrix_2-eps-converted-to
.pdf  used on input line 2343.
(pdftex.def)             Requested size: 193.47578pt x 174.13303pt.
[66] [67 <./images/Fig14_Liang_LiI-Al2O3-Matrix_2-eps-converted-to.pdf>]
Package epstopdf Info: Source file: <images/Fig2_PEO-NaI_NASICON_PEO-NaI-theta-
Al2O3.eps>
(epstopdf)                    date: 2018-07-02 09:51:04
(epstopdf)                    size: 354286 bytes
(epstopdf)             Output file: <images/Fig2_PEO-NaI_NASICON_PEO-NaI-theta-
Al2O3-eps-converted-to.pdf>
(epstopdf)                    date: 2019-12-21 10:38:14
(epstopdf)                    size: 32104 bytes
(epstopdf)             Command: <repstopdf --outfile=images/Fig2_PEO-NaI_NASICO
N_PEO-NaI-theta-Al2O3-eps-converted-to.pdf images/Fig2_PEO-NaI_NASICON_PEO-NaI-
theta-Al2O3.eps>
(epstopdf)             \includegraphics on input line 2415.
Package epstopdf Info: Output file is already uptodate.


pdfTeX warning: /usr/bin/pdflatex (file ./images/Fig2_PEO-NaI_NASICON_PEO-NaI-t
heta-Al2O3-eps-converted-to.pdf): PDF inclusion: found PDF version <1.7>, but a
t most version <1.5> allowed
<images/Fig2_PEO-NaI_NASICON_PEO-NaI-theta-Al2O3-eps-converted-to.pdf, id=565, 
240.9pt x 234.8775pt>
File: images/Fig2_PEO-NaI_NASICON_PEO-NaI-theta-Al2O3-eps-converted-to.pdf Grap
hic file (type pdf)
<use images/Fig2_PEO-NaI_NASICON_PEO-NaI-theta-Al2O3-eps-converted-to.pdf>
Package pdftex.def Info: images/Fig2_PEO-NaI_NASICON_PEO-NaI-theta-Al2O3-eps-co
nverted-to.pdf  used on input line 2415.
(pdftex.def)             Requested size: 217.66211pt x 212.22643pt.
Package epstopdf Info: Source file: <images/Fig2_PEO-NaI_NASICON_Profile.eps>
(epstopdf)                    date: 2018-07-02 09:51:04
(epstopdf)                    size: 381190 bytes
(epstopdf)             Output file: <images/Fig2_PEO-NaI_NASICON_Profile-eps-co
nverted-to.pdf>
(epstopdf)                    date: 2019-12-21 10:38:15
(epstopdf)                    size: 19620 bytes
(epstopdf)             Command: <repstopdf --outfile=images/Fig2_PEO-NaI_NASICO
N_Profile-eps-converted-to.pdf images/Fig2_PEO-NaI_NASICON_Profile.eps>
(epstopdf)             \includegraphics on input line 2420.
Package epstopdf Info: Output file is already uptodate.


pdfTeX warning: /usr/bin/pdflatex (file ./images/Fig2_PEO-NaI_NASICON_Profile-e
ps-converted-to.pdf): PDF inclusion: found PDF version <1.7>, but at most versi
on <1.5> allowed
<images/Fig2_PEO-NaI_NASICON_Profile-eps-converted-to.pdf, id=566, 240.9pt x 13
9.52126pt>
File: images/Fig2_PEO-NaI_NASICON_Profile-eps-converted-to.pdf Graphic file (ty
pe pdf)
<use images/Fig2_PEO-NaI_NASICON_Profile-eps-converted-to.pdf>
Package pdftex.def Info: images/Fig2_PEO-NaI_NASICON_Profile-eps-converted-to.p
df  used on input line 2420.
(pdftex.def)             Requested size: 183.80716pt x 106.45877pt.
Package epstopdf Info: Source file: <images/Fig2_PEO-NaI-theta-Al2O3_Profile.ep
s>
(epstopdf)                    date: 2018-07-02 09:51:04
(epstopdf)                    size: 327637 bytes
(epstopdf)             Output file: <images/Fig2_PEO-NaI-theta-Al2O3_Profile-ep
s-converted-to.pdf>
(epstopdf)                    date: 2019-12-21 10:38:15
(epstopdf)                    size: 21184 bytes
(epstopdf)             Command: <repstopdf --outfile=images/Fig2_PEO-NaI-theta-
Al2O3_Profile-eps-converted-to.pdf images/Fig2_PEO-NaI-theta-Al2O3_Profile.eps>

(epstopdf)             \includegraphics on input line 2421.
Package epstopdf Info: Output file is already uptodate.


pdfTeX warning: /usr/bin/pdflatex (file ./images/Fig2_PEO-NaI-theta-Al2O3_Profi
le-eps-converted-to.pdf): PDF inclusion: found PDF version <1.7>, but at most v
ersion <1.5> allowed
<images/Fig2_PEO-NaI-theta-Al2O3_Profile-eps-converted-to.pdf, id=567, 240.9pt 
x 136.51pt>
File: images/Fig2_PEO-NaI-theta-Al2O3_Profile-eps-converted-to.pdf Graphic file
 (type pdf)
<use images/Fig2_PEO-NaI-theta-Al2O3_Profile-eps-converted-to.pdf>
Package pdftex.def Info: images/Fig2_PEO-NaI-theta-Al2O3_Profile-eps-converted-
to.pdf  used on input line 2421.
(pdftex.def)             Requested size: 183.80716pt x 104.16109pt.
Package epstopdf Info: Source file: <images/Fig3_PEO-PAAM_LiClO4_OMPEO-PAAM_LiC
lO4.eps>
(epstopdf)                    date: 2018-07-23 13:48:54
(epstopdf)                    size: 318561 bytes
(epstopdf)             Output file: <images/Fig3_PEO-PAAM_LiClO4_OMPEO-PAAM_LiC
lO4-eps-converted-to.pdf>
(epstopdf)                    date: 2019-12-21 10:38:16
(epstopdf)                    size: 26949 bytes
(epstopdf)             Command: <repstopdf --outfile=images/Fig3_PEO-PAAM_LiClO
4_OMPEO-PAAM_LiClO4-eps-converted-to.pdf images/Fig3_PEO-PAAM_LiClO4_OMPEO-PAAM
_LiClO4.eps>
(epstopdf)             \includegraphics on input line 2439.
Package epstopdf Info: Output file is already uptodate.


pdfTeX warning: /usr/bin/pdflatex (file ./images/Fig3_PEO-PAAM_LiClO4_OMPEO-PAA
M_LiClO4-eps-converted-to.pdf): PDF inclusion: found PDF version <1.7>, but at 
most version <1.5> allowed
<images/Fig3_PEO-PAAM_LiClO4_OMPEO-PAAM_LiClO4-eps-converted-to.pdf, id=568, 24
0.9pt x 234.8775pt>
File: images/Fig3_PEO-PAAM_LiClO4_OMPEO-PAAM_LiClO4-eps-converted-to.pdf Graphi
c file (type pdf)
<use images/Fig3_PEO-PAAM_LiClO4_OMPEO-PAAM_LiClO4-eps-converted-to.pdf>
Package pdftex.def Info: images/Fig3_PEO-PAAM_LiClO4_OMPEO-PAAM_LiClO4-eps-conv
erted-to.pdf  used on input line 2439.
(pdftex.def)             Requested size: 217.66211pt x 212.22643pt.
Package epstopdf Info: Source file: <images/Fig3_PEO-PAAM_LiClO4_Profile.eps>
(epstopdf)                    date: 2018-07-23 13:48:54
(epstopdf)                    size: 299257 bytes
(epstopdf)             Output file: <images/Fig3_PEO-PAAM_LiClO4_Profile-eps-co
nverted-to.pdf>
(epstopdf)                    date: 2019-12-21 10:38:17
(epstopdf)                    size: 17251 bytes
(epstopdf)             Command: <repstopdf --outfile=images/Fig3_PEO-PAAM_LiClO
4_Profile-eps-converted-to.pdf images/Fig3_PEO-PAAM_LiClO4_Profile.eps>
(epstopdf)             \includegraphics on input line 2444.
Package epstopdf Info: Output file is already uptodate.


pdfTeX warning: /usr/bin/pdflatex (file ./images/Fig3_PEO-PAAM_LiClO4_Profile-e
ps-converted-to.pdf): PDF inclusion: found PDF version <1.7>, but at most versi
on <1.5> allowed
<images/Fig3_PEO-PAAM_LiClO4_Profile-eps-converted-to.pdf, id=569, 240.9pt x 13
1.49126pt>
File: images/Fig3_PEO-PAAM_LiClO4_Profile-eps-converted-to.pdf Graphic file (ty
pe pdf)
<use images/Fig3_PEO-PAAM_LiClO4_Profile-eps-converted-to.pdf>
Package pdftex.def Info: images/Fig3_PEO-PAAM_LiClO4_Profile-eps-converted-to.p
df  used on input line 2444.
(pdftex.def)             Requested size: 183.80716pt x 100.33163pt.
Package epstopdf Info: Source file: <images/Fig3_OMPEO-PAAM_LiClO4_Profile.eps>

(epstopdf)                    date: 2018-07-23 13:48:54
(epstopdf)                    size: 317789 bytes
(epstopdf)             Output file: <images/Fig3_OMPEO-PAAM_LiClO4_Profile-eps-
converted-to.pdf>
(epstopdf)                    date: 2019-12-21 10:38:18
(epstopdf)                    size: 19475 bytes
(epstopdf)             Command: <repstopdf --outfile=images/Fig3_OMPEO-PAAM_LiC
lO4_Profile-eps-converted-to.pdf images/Fig3_OMPEO-PAAM_LiClO4_Profile.eps>
(epstopdf)             \includegraphics on input line 2445.
Package epstopdf Info: Output file is already uptodate.


pdfTeX warning: /usr/bin/pdflatex (file ./images/Fig3_OMPEO-PAAM_LiClO4_Profile
-eps-converted-to.pdf): PDF inclusion: found PDF version <1.7>, but at most ver
sion <1.5> allowed
<images/Fig3_OMPEO-PAAM_LiClO4_Profile-eps-converted-to.pdf, id=570, 240.9pt x 
131.49126pt>
File: images/Fig3_OMPEO-PAAM_LiClO4_Profile-eps-converted-to.pdf Graphic file (
type pdf)
<use images/Fig3_OMPEO-PAAM_LiClO4_Profile-eps-converted-to.pdf>
Package pdftex.def Info: images/Fig3_OMPEO-PAAM_LiClO4_Profile-eps-converted-to
.pdf  used on input line 2445.
(pdftex.def)             Requested size: 183.80716pt x 100.33163pt.

LaTeX Warning: Float too large for page by 41.28482pt on input line 2512.

Package epstopdf Info: Source file: <images/Fig4_PercentageDeviation_Conc.eps>
(epstopdf)                    date: 2019-01-15 17:20:04
(epstopdf)                    size: 253469 bytes
(epstopdf)             Output file: <images/Fig4_PercentageDeviation_Conc-eps-c
onverted-to.pdf>
(epstopdf)                    date: 2019-12-21 10:38:18
(epstopdf)                    size: 12061 bytes
(epstopdf)             Command: <repstopdf --outfile=images/Fig4_PercentageDevi
ation_Conc-eps-converted-to.pdf images/Fig4_PercentageDeviation_Conc.eps>
(epstopdf)             \includegraphics on input line 2516.
Package epstopdf Info: Output file is already uptodate.


pdfTeX warning: /usr/bin/pdflatex (file ./images/Fig4_PercentageDeviation_Conc-
eps-converted-to.pdf): PDF inclusion: found PDF version <1.7>, but at most vers
ion <1.5> allowed
<images/Fig4_PercentageDeviation_Conc-eps-converted-to.pdf, id=571, 481.8pt x 2
24.84pt>
File: images/Fig4_PercentageDeviation_Conc-eps-converted-to.pdf Graphic file (t
ype pdf)
<use images/Fig4_PercentageDeviation_Conc-eps-converted-to.pdf>
Package pdftex.def Info: images/Fig4_PercentageDeviation_Conc-eps-converted-to.
pdf  used on input line 2516.
(pdftex.def)             Requested size: 411.14528pt x 191.8731pt.

Overfull \hbox (8.03027pt too wide) in paragraph at lines 2547--2554
\T2A/cmr/m/n/14.4 вiд-но-стi) по-лi-мер-ноЁ фа-зи у обла-стi гра-ни-цi полiмер-
доданок. Цей ефект
 []

[68] [69 <./images/Fig2_PEO-NaI_NASICON_PEO-NaI-theta-Al2O3-eps-converted-to.pd
f> <./images/Fig2_PEO-NaI_NASICON_Profile-eps-converted-to.pdf> <./images/Fig2_
PEO-NaI-theta-Al2O3_Profile-eps-converted-to.pdf>] [70 <./images/Fig3_PEO-PAAM_
LiClO4_OMPEO-PAAM_LiClO4-eps-converted-to.pdf> <./images/Fig3_PEO-PAAM_LiClO4_P
rofile-eps-converted-to.pdf> <./images/Fig3_OMPEO-PAAM_LiClO4_Profile-eps-conve
rted-to.pdf>]
Overfull \hbox (16.90578pt too wide) in paragraph at lines 2588--2592
[]\T2A/cmr/m/n/14.4 На оста-нок, по-рiв-ня-№-мо ре-зуль-та-ти мо-ди-фi-ко-ва-но
Ё для ПКЕ те-о-рiЁ Накамури-
 []

Package epstopdf Info: Source file: <images/Fig5_Comparison.eps>
(epstopdf)                    date: 2018-07-16 03:04:26
(epstopdf)                    size: 351842 bytes
(epstopdf)             Output file: <images/Fig5_Comparison-eps-converted-to.pd
f>
(epstopdf)                    date: 2019-12-21 10:38:19
(epstopdf)                    size: 22024 bytes
(epstopdf)             Command: <repstopdf --outfile=images/Fig5_Comparison-eps
-converted-to.pdf images/Fig5_Comparison.eps>
(epstopdf)             \includegraphics on input line 2595.
Package epstopdf Info: Output file is already uptodate.


pdfTeX warning: /usr/bin/pdflatex (file ./images/Fig5_Comparison-eps-converted-
to.pdf): PDF inclusion: found PDF version <1.7>, but at most version <1.5> allo
wed
<images/Fig5_Comparison-eps-converted-to.pdf, id=744, 240.9pt x 208.78pt>
File: images/Fig5_Comparison-eps-converted-to.pdf Graphic file (type pdf)
<use images/Fig5_Comparison-eps-converted-to.pdf>
Package pdftex.def Info: images/Fig5_Comparison-eps-converted-to.pdf  used on i
nput line 2595.
(pdftex.def)             Requested size: 217.66211pt x 188.64569pt.
[71 <./images/Fig4_PercentageDeviation_Conc-eps-converted-to.pdf>]
Package epstopdf Info: Source file: <images/Fig6_Isochores.eps>
(epstopdf)                    date: 2018-10-28 15:26:00
(epstopdf)                    size: 307357 bytes
(epstopdf)             Output file: <images/Fig6_Isochores-eps-converted-to.pdf
>
(epstopdf)                    date: 2019-12-21 10:38:20
(epstopdf)                    size: 13479 bytes
(epstopdf)             Command: <repstopdf --outfile=images/Fig6_Isochores-eps-
converted-to.pdf images/Fig6_Isochores.eps>
(epstopdf)             \includegraphics on input line 2628.
Package epstopdf Info: Output file is already uptodate.


pdfTeX warning: /usr/bin/pdflatex (file ./images/Fig6_Isochores-eps-converted-t
o.pdf): PDF inclusion: found PDF version <1.7>, but at most version <1.5> allow
ed
<images/Fig6_Isochores-eps-converted-to.pdf, id=769, 240.9pt x 211.79124pt>
File: images/Fig6_Isochores-eps-converted-to.pdf Graphic file (type pdf)
<use images/Fig6_Isochores-eps-converted-to.pdf>
Package pdftex.def Info: images/Fig6_Isochores-eps-converted-to.pdf  used on in
put line 2628.
(pdftex.def)             Requested size: 217.66211pt x 191.36656pt.
Package epstopdf Info: Source file: <images/Fig7_PercentageDeviation_Isotherms_
Conc.eps>
(epstopdf)                    date: 2019-01-14 09:36:46
(epstopdf)                    size: 230373 bytes
(epstopdf)             Output file: <images/Fig7_PercentageDeviation_Isotherms_
Conc-eps-converted-to.pdf>
(epstopdf)                    date: 2019-12-21 10:38:20
(epstopdf)                    size: 11104 bytes
(epstopdf)             Command: <repstopdf --outfile=images/Fig7_PercentageDevi
ation_Isotherms_Conc-eps-converted-to.pdf images/Fig7_PercentageDeviation_Isoth
erms_Conc.eps>
(epstopdf)             \includegraphics on input line 2645.
Package epstopdf Info: Output file is already uptodate.


pdfTeX warning: /usr/bin/pdflatex (file ./images/Fig7_PercentageDeviation_Isoth
erms_Conc-eps-converted-to.pdf): PDF inclusion: found PDF version <1.7>, but at
 most version <1.5> allowed
<images/Fig7_PercentageDeviation_Isotherms_Conc-eps-converted-to.pdf, id=770, 4
81.8pt x 224.84pt>
File: images/Fig7_PercentageDeviation_Isotherms_Conc-eps-converted-to.pdf Graph
ic file (type pdf)
<use images/Fig7_PercentageDeviation_Isotherms_Conc-eps-converted-to.pdf>
Package pdftex.def Info: images/Fig7_PercentageDeviation_Isotherms_Conc-eps-con
verted-to.pdf  used on input line 2645.
(pdftex.def)             Requested size: 411.14528pt x 191.8731pt.
Package epstopdf Info: Source file: <images/Fig8_TemperatureDependence_1.eps>
(epstopdf)                    date: 2019-01-16 16:15:32
(epstopdf)                    size: 309573 bytes
(epstopdf)             Output file: <images/Fig8_TemperatureDependence_1-eps-co
nverted-to.pdf>
(epstopdf)                    date: 2019-12-21 10:38:21
(epstopdf)                    size: 15754 bytes
(epstopdf)             Command: <repstopdf --outfile=images/Fig8_TemperatureDep
endence_1-eps-converted-to.pdf images/Fig8_TemperatureDependence_1.eps>
(epstopdf)             \includegraphics on input line 2710.
Package epstopdf Info: Output file is already uptodate.


pdfTeX warning: /usr/bin/pdflatex (file ./images/Fig8_TemperatureDependence_1-e
ps-converted-to.pdf): PDF inclusion: found PDF version <1.7>, but at most versi
on <1.5> allowed
<images/Fig8_TemperatureDependence_1-eps-converted-to.pdf, id=771, 240.9pt x 19
6.735pt>
File: images/Fig8_TemperatureDependence_1-eps-converted-to.pdf Graphic file (ty
pe pdf)
<use images/Fig8_TemperatureDependence_1-eps-converted-to.pdf>
Package pdftex.def Info: images/Fig8_TemperatureDependence_1-eps-converted-to.p
df  used on input line 2710.
(pdftex.def)             Requested size: 217.66211pt x 177.76228pt.
Package epstopdf Info: Source file: <images/Fig8_TemperatureDependence_2.eps>
(epstopdf)                    date: 2019-01-16 16:15:32
(epstopdf)                    size: 305336 bytes
(epstopdf)             Output file: <images/Fig8_TemperatureDependence_2-eps-co
nverted-to.pdf>
(epstopdf)                    date: 2019-12-21 10:38:22
(epstopdf)                    size: 16197 bytes
(epstopdf)             Command: <repstopdf --outfile=images/Fig8_TemperatureDep
endence_2-eps-converted-to.pdf images/Fig8_TemperatureDependence_2.eps>
(epstopdf)             \includegraphics on input line 2712.
Package epstopdf Info: Output file is already uptodate.


pdfTeX warning: /usr/bin/pdflatex (file ./images/Fig8_TemperatureDependence_2-e
ps-converted-to.pdf): PDF inclusion: found PDF version <1.7>, but at most versi
on <1.5> allowed
<images/Fig8_TemperatureDependence_2-eps-converted-to.pdf, id=772, 240.9pt x 19
6.735pt>
File: images/Fig8_TemperatureDependence_2-eps-converted-to.pdf Graphic file (ty
pe pdf)
<use images/Fig8_TemperatureDependence_2-eps-converted-to.pdf>
Package pdftex.def Info: images/Fig8_TemperatureDependence_2-eps-converted-to.p
df  used on input line 2712.
(pdftex.def)             Requested size: 217.66211pt x 177.76228pt.
Package epstopdf Info: Source file: <images/Fig9_PercentageDeviation_Temp.eps>
(epstopdf)                    date: 2019-01-15 17:20:04
(epstopdf)                    size: 361005 bytes
(epstopdf)             Output file: <images/Fig9_PercentageDeviation_Temp-eps-c
onverted-to.pdf>
(epstopdf)                    date: 2019-12-21 10:38:23
(epstopdf)                    size: 15208 bytes
(epstopdf)             Command: <repstopdf --outfile=images/Fig9_PercentageDevi
ation_Temp-eps-converted-to.pdf images/Fig9_PercentageDeviation_Temp.eps>
(epstopdf)             \includegraphics on input line 2735.
Package epstopdf Info: Output file is already uptodate.


pdfTeX warning: /usr/bin/pdflatex (file ./images/Fig9_PercentageDeviation_Temp-
eps-converted-to.pdf): PDF inclusion: found PDF version <1.7>, but at most vers
ion <1.5> allowed
<images/Fig9_PercentageDeviation_Temp-eps-converted-to.pdf, id=773, 481.8pt x 2
26.8475pt>
File: images/Fig9_PercentageDeviation_Temp-eps-converted-to.pdf Graphic file (t
ype pdf)
<use images/Fig9_PercentageDeviation_Temp-eps-converted-to.pdf>
Package pdftex.def Info: images/Fig9_PercentageDeviation_Temp-eps-converted-to.
pdf  used on input line 2735.
(pdftex.def)             Requested size: 411.14528pt x 193.58624pt.
[72 <./images/Fig5_Comparison-eps-converted-to.pdf>] [73 <./images/Fig6_Isochor
es-eps-converted-to.pdf>] [74 <./images/Fig7_PercentageDeviation_Isotherms_Conc
-eps-converted-to.pdf>] [75 <./images/Fig8_TemperatureDependence_1-eps-converte
d-to.pdf> <./images/Fig8_TemperatureDependence_2-eps-converted-to.pdf>]
[76 <./images/Fig9_PercentageDeviation_Temp-eps-converted-to.pdf>] [77]
[78]
\bfseries {\cyrillictext \CYRR \cyro \cyrz \cyrd \cyrii \cyrl } 5.

Overfull \hbox (21.39545pt too wide) in paragraph at lines 2824--2826
[]\T2A/cmr/m/n/14.4 У на-бли-же-нi не-про-вiд-ноЁ ма-три-цi ($\OML/cmm/m/it/14.
4 x[] \OMS/cmsy/m/n/14.4 ! \OT1/cmr/m/n/14.4 0$\T2A/cmr/m/n/14.4 ) рiв-ня-н-ня 
(2.42а[]) ма№ три розв'язки:
 []


Overfull \hbox (54.87955pt too wide) detected at line 2830
\OML/cmm/m/it/14.4 x \OT1/cmr/m/n/14.4 = [] [] \OML/cmm/m/it/14.4 :
 []

[79

]
Package epstopdf Info: Source file: <images/percolation.eps>
(epstopdf)                    date: 2018-08-24 12:27:45
(epstopdf)                    size: 56810 bytes
(epstopdf)             Output file: <images/percolation-eps-converted-to.pdf>
(epstopdf)                    date: 2019-12-21 10:38:23
(epstopdf)                    size: 17869 bytes
(epstopdf)             Command: <repstopdf --outfile=images/percolation-eps-con
verted-to.pdf images/percolation.eps>
(epstopdf)             \includegraphics on input line 2840.
Package epstopdf Info: Output file is already uptodate.


pdfTeX warning: /usr/bin/pdflatex (file ./images/percolation-eps-converted-to.p
df): PDF inclusion: found PDF version <1.7>, but at most version <1.5> allowed
<images/percolation-eps-converted-to.pdf, id=959, 259.97125pt x 187.70125pt>
File: images/percolation-eps-converted-to.pdf Graphic file (type pdf)
<use images/percolation-eps-converted-to.pdf>
Package pdftex.def Info: images/percolation-eps-converted-to.pdf  used on input
 line 2840.
(pdftex.def)             Requested size: 266.03474pt x 192.07997pt.
Package epstopdf Info: Source file: <images/threshold-delta.eps>
(epstopdf)                    date: 2018-08-24 12:26:59
(epstopdf)                    size: 52673 bytes
(epstopdf)             Output file: <images/threshold-delta-eps-converted-to.pd
f>
(epstopdf)                    date: 2019-12-21 10:38:24
(epstopdf)                    size: 16951 bytes
(epstopdf)             Command: <repstopdf --outfile=images/threshold-delta-eps
-converted-to.pdf images/threshold-delta.eps>
(epstopdf)             \includegraphics on input line 2861.
Package epstopdf Info: Output file is already uptodate.


pdfTeX warning: /usr/bin/pdflatex (file ./images/threshold-delta-eps-converted-
to.pdf): PDF inclusion: found PDF version <1.7>, but at most version <1.5> allo
wed
<images/threshold-delta-eps-converted-to.pdf, id=960, 259.97125pt x 176.66pt>
File: images/threshold-delta-eps-converted-to.pdf Graphic file (type pdf)
<use images/threshold-delta-eps-converted-to.pdf>
Package pdftex.def Info: images/threshold-delta-eps-converted-to.pdf  used on i
nput line 2861.
(pdftex.def)             Requested size: 266.03474pt x 180.78114pt.
[80 <./images/percolation-eps-converted-to.pdf>]
Package epstopdf Info: Source file: <images/teff.eps>
(epstopdf)                    date: 2018-08-24 20:10:24
(epstopdf)                    size: 54283 bytes
(epstopdf)             Output file: <images/teff-eps-converted-to.pdf>
(epstopdf)                    date: 2019-12-21 10:38:24
(epstopdf)                    size: 16719 bytes
(epstopdf)             Command: <repstopdf --outfile=images/teff-eps-converted-
to.pdf images/teff.eps>
(epstopdf)             \includegraphics on input line 2906.
Package epstopdf Info: Output file is already uptodate.


pdfTeX warning: /usr/bin/pdflatex (file ./images/teff-eps-converted-to.pdf): PD
F inclusion: found PDF version <1.7>, but at most version <1.5> allowed
<images/teff-eps-converted-to.pdf, id=977, 259.97125pt x 166.6225pt>
File: images/teff-eps-converted-to.pdf Graphic file (type pdf)
<use images/teff-eps-converted-to.pdf>
Package pdftex.def Info: images/teff-eps-converted-to.pdf  used on input line 2
906.
(pdftex.def)             Requested size: 266.03474pt x 170.50949pt.
[81 <./images/threshold-delta-eps-converted-to.pdf>]
Package epstopdf Info: Source file: <images/percolation-eps-x0.eps>
(epstopdf)                    date: 2018-08-24 19:49:43
(epstopdf)                    size: 61146 bytes
(epstopdf)             Output file: <images/percolation-eps-x0-eps-converted-to
.pdf>
(epstopdf)                    date: 2019-12-21 10:38:25
(epstopdf)                    size: 18292 bytes
(epstopdf)             Command: <repstopdf --outfile=images/percolation-eps-x0-
eps-converted-to.pdf images/percolation-eps-x0.eps>
(epstopdf)             \includegraphics on input line 2933.
Package epstopdf Info: Output file is already uptodate.


pdfTeX warning: /usr/bin/pdflatex (file ./images/percolation-eps-x0-eps-convert
ed-to.pdf): PDF inclusion: found PDF version <1.7>, but at most version <1.5> a
llowed
<images/percolation-eps-x0-eps-converted-to.pdf, id=994, 259.97125pt x 191.7162
5pt>
File: images/percolation-eps-x0-eps-converted-to.pdf Graphic file (type pdf)
<use images/percolation-eps-x0-eps-converted-to.pdf>
Package pdftex.def Info: images/percolation-eps-x0-eps-converted-to.pdf  used o
n input line 2933.
(pdftex.def)             Requested size: 266.03474pt x 196.18863pt.
Package epstopdf Info: Source file: <images/percolation-eps-d.eps>
(epstopdf)                    date: 2018-08-25 00:28:23
(epstopdf)                    size: 64233 bytes
(epstopdf)             Output file: <images/percolation-eps-d-eps-converted-to.
pdf>
(epstopdf)                    date: 2019-12-21 10:38:25
(epstopdf)                    size: 19730 bytes
(epstopdf)             Command: <repstopdf --outfile=images/percolation-eps-d-e
ps-converted-to.pdf images/percolation-eps-d.eps>
(epstopdf)             \includegraphics on input line 2943.
Package epstopdf Info: Output file is already uptodate.


pdfTeX warning: /usr/bin/pdflatex (file ./images/percolation-eps-d-eps-converte
d-to.pdf): PDF inclusion: found PDF version <1.7>, but at most version <1.5> al
lowed
<images/percolation-eps-d-eps-converted-to.pdf, id=995, 259.97125pt x 191.71625
pt>
File: images/percolation-eps-d-eps-converted-to.pdf Graphic file (type pdf)
<use images/percolation-eps-d-eps-converted-to.pdf>
Package pdftex.def Info: images/percolation-eps-d-eps-converted-to.pdf  used on
 input line 2943.
(pdftex.def)             Requested size: 266.03474pt x 196.18863pt.
[82 <./images/teff-eps-converted-to.pdf>]
Package epstopdf Info: Source file: <images/seff.eps>
(epstopdf)                    date: 2018-08-24 20:10:34
(epstopdf)                    size: 53336 bytes
(epstopdf)             Output file: <images/seff-eps-converted-to.pdf>
(epstopdf)                    date: 2019-12-21 10:38:26
(epstopdf)                    size: 17253 bytes
(epstopdf)             Command: <repstopdf --outfile=images/seff-eps-converted-
to.pdf images/seff.eps>
(epstopdf)             \includegraphics on input line 2969.
Package epstopdf Info: Output file is already uptodate.


pdfTeX warning: /usr/bin/pdflatex (file ./images/seff-eps-converted-to.pdf): PD
F inclusion: found PDF version <1.7>, but at most version <1.5> allowed
<images/seff-eps-converted-to.pdf, id=1008, 259.97125pt x 166.6225pt>
File: images/seff-eps-converted-to.pdf Graphic file (type pdf)
<use images/seff-eps-converted-to.pdf>
Package pdftex.def Info: images/seff-eps-converted-to.pdf  used on input line 2
969.
(pdftex.def)             Requested size: 266.03474pt x 170.50949pt.
[83 <./images/percolation-eps-x0-eps-converted-to.pdf>] [84 <./images/percolati
on-eps-d-eps-converted-to.pdf>]
Package epstopdf Info: Source file: <images/double-perc-eps.eps>
(epstopdf)                    date: 2018-08-25 00:28:56
(epstopdf)                    size: 53975 bytes
(epstopdf)             Output file: <images/double-perc-eps-eps-converted-to.pd
f>
(epstopdf)                    date: 2019-12-21 10:38:26
(epstopdf)                    size: 17050 bytes
(epstopdf)             Command: <repstopdf --outfile=images/double-perc-eps-eps
-converted-to.pdf images/double-perc-eps.eps>
(epstopdf)             \includegraphics on input line 3045.
Package epstopdf Info: Output file is already uptodate.


pdfTeX warning: /usr/bin/pdflatex (file ./images/double-perc-eps-eps-converted-
to.pdf): PDF inclusion: found PDF version <1.7>, but at most version <1.5> allo
wed
<images/double-perc-eps-eps-converted-to.pdf, id=1033, 259.97125pt x 191.71625p
t>
File: images/double-perc-eps-eps-converted-to.pdf Graphic file (type pdf)
<use images/double-perc-eps-eps-converted-to.pdf>
Package pdftex.def Info: images/double-perc-eps-eps-converted-to.pdf  used on i
nput line 3045.
(pdftex.def)             Requested size: 266.03474pt x 196.18863pt.
[85 <./images/seff-eps-converted-to.pdf>]
Package epstopdf Info: Source file: <images/KCl-Ag-eps.eps>
(epstopdf)                    date: 2018-08-25 12:29:10
(epstopdf)                    size: 72469 bytes
(epstopdf)             Output file: <images/KCl-Ag-eps-eps-converted-to.pdf>
(epstopdf)                    date: 2019-12-21 10:38:26
(epstopdf)                    size: 20530 bytes
(epstopdf)             Command: <repstopdf --outfile=images/KCl-Ag-eps-eps-conv
erted-to.pdf images/KCl-Ag-eps.eps>
(epstopdf)             \includegraphics on input line 3100.
Package epstopdf Info: Output file is already uptodate.


pdfTeX warning: /usr/bin/pdflatex (file ./images/KCl-Ag-eps-eps-converted-to.pd
f): PDF inclusion: found PDF version <1.7>, but at most version <1.5> allowed
<images/KCl-Ag-eps-eps-converted-to.pdf, id=1051, 252.945pt x 258.9675pt>
File: images/KCl-Ag-eps-eps-converted-to.pdf Graphic file (type pdf)
<use images/KCl-Ag-eps-eps-converted-to.pdf>
Package pdftex.def Info: images/KCl-Ag-eps-eps-converted-to.pdf  used on input 
line 3100.
(pdftex.def)             Requested size: 266.03474pt x 272.37434pt.
[86 <./images/double-perc-eps-eps-converted-to.pdf>]
Package epstopdf Info: Source file: <images/KCl-Ag-rho.eps>
(epstopdf)                    date: 2018-08-25 11:08:12
(epstopdf)                    size: 75055 bytes
(epstopdf)             Output file: <images/KCl-Ag-rho-eps-converted-to.pdf>
(epstopdf)                    date: 2019-12-21 10:38:27
(epstopdf)                    size: 24197 bytes
(epstopdf)             Command: <repstopdf --outfile=images/KCl-Ag-rho-eps-conv
erted-to.pdf images/KCl-Ag-rho.eps>
(epstopdf)             \includegraphics on input line 3133.
Package epstopdf Info: Output file is already uptodate.


pdfTeX warning: /usr/bin/pdflatex (file ./images/KCl-Ag-rho-eps-converted-to.pd
f): PDF inclusion: found PDF version <1.7>, but at most version <1.5> allowed
<images/KCl-Ag-rho-eps-converted-to.pdf, id=1064, 252.945pt x 217.81375pt>
File: images/KCl-Ag-rho-eps-converted-to.pdf Graphic file (type pdf)
<use images/KCl-Ag-rho-eps-converted-to.pdf>
Package pdftex.def Info: images/KCl-Ag-rho-eps-converted-to.pdf  used on input 
line 3133.
(pdftex.def)             Requested size: 266.03474pt x 229.09006pt.

LaTeX Warning: Reference `eq:phi_non-pen' on page 87 undefined on input line 31
44.


LaTeX Warning: Reference `eq:phi_non-pen' on page 87 undefined on input line 31
44.

[87 <./images/KCl-Ag-eps-eps-converted-to.pdf>] [88 <./images/KCl-Ag-rho-eps-co
nverted-to.pdf>]
\bfseries {\cyrillictext \CYRR \cyro \cyrz \cyrd \cyrii \cyrl } 6.
[89

]

LaTeX Warning: Reference `eq:D_average' on page 90 undefined on input line 3416
.


Overfull \hbox (32.95296pt too wide) in paragraph at lines 3414--3418
[]\T2A/cmr/m/n/14.4 Зазначемо, що роз-кла-ду-ю-чи в ряд Ма-кло-ре-на $\OML/cmm/
m/it/14.4 ^^X$ \T2A/cmr/m/n/14.4 та $\OML/cmm/m/it/14.4 ^^Q$ \T2A/cmr/m/n/14.4 
за па-ра-ме-тром $\OT1/cmr/m/n/14.4 (\OMS/cmsy/m/n/14.4 ^^@\OML/cmm/m/it/14.4 ^
^N"\OT1/cmr/m/n/14.4 (\OT1/cmr/bx/n/14.4 r\OT1/cmr/m/n/14.4 )\OML/cmm/m/it/14.4
 =\OT1/cmr/m/n/14.4 3\OML/cmm/m/it/14.4 "[]\OT1/cmr/m/n/14.4 )$
 []

[90]

LaTeX Warning: Reference `sec:intro' on page 91 undefined on input line 3459.

[91] [92] [93] [94]

LaTeX Warning: Reference `eq:Bruggeman-eps' on page 95 undefined on input line 
3675.

Package epstopdf Info: Source file: <images/HSbounds.eps>
(epstopdf)                    date: 2018-07-17 16:51:57
(epstopdf)                    size: 86858 bytes
(epstopdf)             Output file: <images/HSbounds-eps-converted-to.pdf>
(epstopdf)                    date: 2019-12-21 10:38:27
(epstopdf)                    size: 26672 bytes
(epstopdf)             Command: <repstopdf --outfile=images/HSbounds-eps-conver
ted-to.pdf images/HSbounds.eps>
(epstopdf)             \includegraphics on input line 3683.
Package epstopdf Info: Output file is already uptodate.


pdfTeX warning: /usr/bin/pdflatex (file ./images/HSbounds-eps-converted-to.pdf)
: PDF inclusion: found PDF version <1.7>, but at most version <1.5> allowed
<images/HSbounds-eps-converted-to.pdf, id=1126, 214.8025pt x 172.645pt>
File: images/HSbounds-eps-converted-to.pdf Graphic file (type pdf)
<use images/HSbounds-eps-converted-to.pdf>
Package pdftex.def Info: images/HSbounds-eps-converted-to.pdf  used on input li
ne 3683.
(pdftex.def)             Requested size: 241.84843pt x 194.38582pt.

LaTeX Warning: Reference `eq:Bruggeman-eps' on page 95 undefined on input line 
3691.


LaTeX Warning: Reference `eq:Bruggeman-eps' on page 95 undefined on input line 
3691.


Overfull \hbox (0.25238pt too wide) in paragraph at lines 3694--3711
[]\T2A/cmr/m/n/14.4 Для до-вiль-них зна-чень $\OML/cmm/m/it/14.4 "[]$ \T2A/cmr/
m/n/14.4 та $\OML/cmm/m/it/14.4 "[]$ \T2A/cmr/m/n/14.4 кон-цен-тра-цiЁ, для яки
х по-ру-шу-ю-ться ГХШ,
 []

[95] [96 <./images/HSbounds-eps-converted-to.pdf>] [97]
(./thesis_conclusion.tex
Overfull \hbox (7.1125pt too wide) in paragraph at lines 5--6
\T2A/cmr/m/n/14.4 чи-ном ви-зна-ча-ю-ться гео-ме-три-ни-ми та еле-ктри-чни-ми п
а-ра-ме-тра-ми мiж-
 []

[98

]) (./thesis4_6.bbl [99]
Underfull \hbox (badness 1824) in paragraph at lines 52--57
[]\OT1/cmr/m/n/14.4 Maxwell-Garnett, J. Colours in metal glasses and met-alic f
ilms /
 []

[100

] [101] [102]
Underfull \hbox (badness 8170) in paragraph at lines 326--332
[]\OT1/cmr/m/n/14.4 Ryzhov, Yu. A. Spacal dis-per-sion of in-ho-mo-ge-neous me-
dia /
 []

[103]
Underfull \hbox (badness 1275) in paragraph at lines 362--369
[]\OT1/cmr/m/n/14.4 Mackay, T. G. Third-order im-ple-men-ta-tion and con-ver-ge
nce of the
 []

[104]
Underfull \hbox (badness 1097) in paragraph at lines 491--494
[]\OT1/cmr/m/n/14.4 Torquato, S. Ran-dom Het-ero-ge-neous Ma-te-ri-als: Mi-cros
truc-ture and
 []

[105]
Underfull \hbox (badness 1226) in paragraph at lines 569--575
[]\OT1/cmr/m/n/14.4 Siekierski, M. Con-duc-tiv-ity sim-u-la-tion in com-pos-ite
 poly-meric elec-
 []

[106] [107]
Underfull \hbox (badness 10000) in paragraph at lines 753--760
[]\OT1/cmr/m/n/14.4 Al-Saleh, M. Nanos-truc-tured car-bon black filled polyprop
y-
 []


Underfull \hbox (badness 3078) in paragraph at lines 753--760
\OT1/cmr/m/n/14.4 lene/polystyrene blends con-tain-ing styrene-butadiene-styren
e copoly-
 []

[108]) [109]
\bfseries {\cyrillictext \CYRD \cyro \cyrd \cyra \cyrt \cyro \cyrk } 1.
(./thesis_publications.tex
Overfull \hbox (2.45404pt too wide) in paragraph at lines 4--8
[]\T2A/cmr/m/n/14.4 Sushko M. Ya. Conducti-vi-ty and permi-tti-vi-ty of di-sper
sed systems wi-th penetr-
 []


Overfull \hbox (2.37135pt too wide) in paragraph at lines 32--33
[]\T2A/cmr/m/n/14.4 Semenov A. Complex permi-tti-vi-ty of di-sperse systems wi-
th penetrable particle-
 []

[110

]
Overfull \hbox (1.34578pt too wide) in paragraph at lines 38--39
\T2A/cmr/m/n/14.4 Internati-onal Conference Physi-cs of Li-quid Matter: Modern 
Prob-lems, abstract
 []

[111]
Overfull \hbox (1.20866pt too wide) in paragraph at lines 52--53
[]\T2A/cmr/m/n/14.4 Sushko M. Ya. Recent developments in the theory of electrod
ynamic homogeni-
 []

) [112] (./thesis4_6.aux)

LaTeX Warning: There were undefined references.


LaTeX Warning: There were multiply-defined labels.

 ) 
Here is how much of TeX's memory you used:
 7714 strings out of 492982
 118060 string characters out of 6134896
 216923 words of memory out of 5000000
 11000 multiletter control sequences out of 15000+600000
 15100 words of font info for 42 fonts, out of 8000000 for 9000
 1141 hyphenation exceptions out of 8191
 41i,19n,40p,7846b,690s stack positions out of 5000i,500n,10000p,200000b,80000s
{/usr/share/texmf/fonts/enc/dvips/cm-super/cm-super-t2a.enc}</usr/share/texli
ve/texmf-dist/fonts/type1/public/amsfonts/cm/cmbx10.pfb></usr/share/texlive/tex
mf-dist/fonts/type1/public/amsfonts/cm/cmbx12.pfb></usr/share/texlive/texmf-dis
t/fonts/type1/public/amsfonts/cm/cmex10.pfb></usr/share/texlive/texmf-dist/font
s/type1/public/amsfonts/cm/cmmi10.pfb></usr/share/texlive/texmf-dist/fonts/type
1/public/amsfonts/cm/cmmi12.pfb></usr/share/texlive/texmf-dist/fonts/type1/publ
ic/amsfonts/cm/cmmi7.pfb></usr/share/texlive/texmf-dist/fonts/type1/public/amsf
onts/cm/cmr10.pfb></usr/share/texlive/texmf-dist/fonts/type1/public/amsfonts/cm
/cmr12.pfb></usr/share/texlive/texmf-dist/fonts/type1/public/amsfonts/cm/cmr7.p
fb></usr/share/texlive/texmf-dist/fonts/type1/public/amsfonts/cm/cmsy10.pfb></u
sr/share/texlive/texmf-dist/fonts/type1/public/amsfonts/cm/cmsy7.pfb></usr/shar
e/texlive/texmf-dist/fonts/type1/public/amsfonts/symbols/msam10.pfb></usr/share
/texmf/fonts/type1/public/cm-super/sfbi1440.pfb></usr/share/texmf/fonts/type1/p
ublic/cm-super/sfbx1440.pfb></usr/share/texmf/fonts/type1/public/cm-super/sfcc1
440.pfb></usr/share/texmf/fonts/type1/public/cm-super/sfrm0700.pfb></usr/share/
texmf/fonts/type1/public/cm-super/sfrm1000.pfb></usr/share/texmf/fonts/type1/pu
blic/cm-super/sfrm1200.pfb></usr/share/texmf/fonts/type1/public/cm-super/sfrm14
40.pfb></usr/share/texmf/fonts/type1/public/cm-super/sfti1440.pfb>
Output written on thesis4_6.pdf (112 pages, 1330542 bytes).
PDF statistics:
 1263 PDF objects out of 1440 (max. 8388607)
 850 compressed objects within 9 object streams
 0 named destinations out of 1000 (max. 500000)
 236 words of extra memory for PDF output out of 10000 (max. 10000000)

